ARM GAS  C:\Users\Alex\AppData\Local\Temp\ccam7srd.s 			page 1


   1              		.syntax unified
   2              		.cpu cortex-m3
   3              		.fpu softvfp
   4              		.eabi_attribute 20, 1
   5              		.eabi_attribute 21, 1
   6              		.eabi_attribute 23, 3
   7              		.eabi_attribute 24, 1
   8              		.eabi_attribute 25, 1
   9              		.eabi_attribute 26, 1
  10              		.eabi_attribute 30, 1
  11              		.eabi_attribute 34, 1
  12              		.eabi_attribute 18, 4
  13              		.thumb
  14              		.syntax unified
  15              		.file	"main.c"
  16              		.text
  17              	.Ltext0:
  18              		.cfi_sections	.debug_frame
  19              		.section	.text.main,"ax",%progbits
  20              		.align	2
  21              		.global	main
  22              		.thumb
  23              		.thumb_func
  24              		.type	main, %function
  25              	main:
  26              	.LFB63:
  27              		.file 1 "main.c"
   1:main.c        **** /* ========================================
   2:main.c        ****  *
   3:main.c        ****  * Copyright YOUR COMPANY, THE YEAR
   4:main.c        ****  * All Rights Reserved
   5:main.c        ****  * UNPUBLISHED, LICENSED SOFTWARE.
   6:main.c        ****  *
   7:main.c        ****  * CONFIDENTIAL AND PROPRIETARY INFORMATION
   8:main.c        ****  * WHICH IS THE PROPERTY OF your company.
   9:main.c        ****  *
  10:main.c        ****  * ========================================
  11:main.c        **** */
  12:main.c        **** #include "project.h"
  13:main.c        **** 
  14:main.c        **** int main(void)
  15:main.c        **** {
  28              		.loc 1 15 0
  29              		.cfi_startproc
  30              		@ Volatile: function does not return.
  31              		@ args = 0, pretend = 0, frame = 0
  32              		@ frame_needed = 0, uses_anonymous_args = 0
  33 0000 08B5     		push	{r3, lr}
  34              		.cfi_def_cfa_offset 8
  35              		.cfi_offset 3, -8
  36              		.cfi_offset 14, -4
  16:main.c        ****     CyGlobalIntEnable; /* Enable global interrupts. */
  37              		.loc 1 16 0
  38              		.syntax unified
  39              	@ 16 "main.c" 1
  40 0002 62B6     		CPSIE   i
  41              	@ 0 "" 2
ARM GAS  C:\Users\Alex\AppData\Local\Temp\ccam7srd.s 			page 2


  17:main.c        **** 
  18:main.c        ****     /* Place your initialization/startup code here (e.g. MyInst_Start()) */
  19:main.c        ****     LED_BLUE_Write(1);
  42              		.loc 1 19 0
  43              		.thumb
  44              		.syntax unified
  45 0004 0120     		movs	r0, #1
  46 0006 FFF7FEFF 		bl	LED_BLUE_Write
  47              	.LVL0:
  48              	.L2:
  20:main.c        **** 
  21:main.c        ****     for(;;)
  22:main.c        ****     {
  23:main.c        ****         /* Place your application code here. */
  24:main.c        ****         LED_BLUE_Write(1);
  49              		.loc 1 24 0 discriminator 1
  50 000a 0120     		movs	r0, #1
  51 000c FFF7FEFF 		bl	LED_BLUE_Write
  52              	.LVL1:
  25:main.c        ****         CyDelay(1000);
  53              		.loc 1 25 0 discriminator 1
  54 0010 4FF47A70 		mov	r0, #1000
  55 0014 FFF7FEFF 		bl	CyDelay
  56              	.LVL2:
  26:main.c        ****         LED_BLUE_Write(0);
  57              		.loc 1 26 0 discriminator 1
  58 0018 0020     		movs	r0, #0
  59 001a FFF7FEFF 		bl	LED_BLUE_Write
  60              	.LVL3:
  27:main.c        ****         CyDelay(1000);
  61              		.loc 1 27 0 discriminator 1
  62 001e 4FF47A70 		mov	r0, #1000
  63 0022 FFF7FEFF 		bl	CyDelay
  64              	.LVL4:
  65 0026 F0E7     		b	.L2
  66              		.cfi_endproc
  67              	.LFE63:
  68              		.size	main, .-main
  69              		.text
  70              	.Letext0:
  71              		.file 2 "c:\\program files (x86)\\cypress\\psoc creator\\4.1\\psoc creator\\import\\gnu\\arm\\5.4.
  72              		.file 3 "c:\\program files (x86)\\cypress\\psoc creator\\4.1\\psoc creator\\import\\gnu\\arm\\5.4.
  73              		.file 4 "Generated_Source\\PSoC5/LED_BLUE.h"
  74              		.file 5 "Generated_Source\\PSoC5/CyLib.h"
  75              		.file 6 "Generated_Source\\PSoC5/core_cm3.h"
  76              		.section	.debug_info,"",%progbits
  77              	.Ldebug_info0:
  78 0000 41010000 		.4byte	0x141
  79 0004 0400     		.2byte	0x4
  80 0006 00000000 		.4byte	.Ldebug_abbrev0
  81 000a 04       		.byte	0x4
  82 000b 01       		.uleb128 0x1
  83 000c 3A000000 		.4byte	.LASF18
  84 0010 0C       		.byte	0xc
  85 0011 2E000000 		.4byte	.LASF19
  86 0015 0C010000 		.4byte	.LASF20
  87 0019 00000000 		.4byte	.Ldebug_ranges0+0
ARM GAS  C:\Users\Alex\AppData\Local\Temp\ccam7srd.s 			page 3


  88 001d 00000000 		.4byte	0
  89 0021 00000000 		.4byte	.Ldebug_line0
  90 0025 02       		.uleb128 0x2
  91 0026 01       		.byte	0x1
  92 0027 06       		.byte	0x6
  93 0028 8E010000 		.4byte	.LASF0
  94 002c 02       		.uleb128 0x2
  95 002d 01       		.byte	0x1
  96 002e 08       		.byte	0x8
  97 002f F9000000 		.4byte	.LASF1
  98 0033 02       		.uleb128 0x2
  99 0034 02       		.byte	0x2
 100 0035 05       		.byte	0x5
 101 0036 B6010000 		.4byte	.LASF2
 102 003a 02       		.uleb128 0x2
 103 003b 02       		.byte	0x2
 104 003c 07       		.byte	0x7
 105 003d 0E000000 		.4byte	.LASF3
 106 0041 03       		.uleb128 0x3
 107 0042 A6010000 		.4byte	.LASF9
 108 0046 02       		.byte	0x2
 109 0047 3F       		.byte	0x3f
 110 0048 4C000000 		.4byte	0x4c
 111 004c 02       		.uleb128 0x2
 112 004d 04       		.byte	0x4
 113 004e 05       		.byte	0x5
 114 004f 78010000 		.4byte	.LASF4
 115 0053 02       		.uleb128 0x2
 116 0054 04       		.byte	0x4
 117 0055 07       		.byte	0x7
 118 0056 D0000000 		.4byte	.LASF5
 119 005a 02       		.uleb128 0x2
 120 005b 08       		.byte	0x8
 121 005c 05       		.byte	0x5
 122 005d 00000000 		.4byte	.LASF6
 123 0061 02       		.uleb128 0x2
 124 0062 08       		.byte	0x8
 125 0063 07       		.byte	0x7
 126 0064 E2000000 		.4byte	.LASF7
 127 0068 04       		.uleb128 0x4
 128 0069 04       		.byte	0x4
 129 006a 05       		.byte	0x5
 130 006b 696E7400 		.ascii	"int\000"
 131 006f 02       		.uleb128 0x2
 132 0070 04       		.byte	0x4
 133 0071 07       		.byte	0x7
 134 0072 21000000 		.4byte	.LASF8
 135 0076 03       		.uleb128 0x3
 136 0077 C0010000 		.4byte	.LASF10
 137 007b 03       		.byte	0x3
 138 007c 2C       		.byte	0x2c
 139 007d 41000000 		.4byte	0x41
 140 0081 02       		.uleb128 0x2
 141 0082 04       		.byte	0x4
 142 0083 04       		.byte	0x4
 143 0084 B0010000 		.4byte	.LASF11
 144 0088 02       		.uleb128 0x2
ARM GAS  C:\Users\Alex\AppData\Local\Temp\ccam7srd.s 			page 4


 145 0089 08       		.byte	0x8
 146 008a 04       		.byte	0x4
 147 008b 71010000 		.4byte	.LASF12
 148 008f 02       		.uleb128 0x2
 149 0090 01       		.byte	0x1
 150 0091 08       		.byte	0x8
 151 0092 07010000 		.4byte	.LASF13
 152 0096 02       		.uleb128 0x2
 153 0097 04       		.byte	0x4
 154 0098 07       		.byte	0x7
 155 0099 D7010000 		.4byte	.LASF14
 156 009d 02       		.uleb128 0x2
 157 009e 08       		.byte	0x8
 158 009f 04       		.byte	0x4
 159 00a0 9A010000 		.4byte	.LASF15
 160 00a4 05       		.uleb128 0x5
 161 00a5 35000000 		.4byte	.LASF21
 162 00a9 01       		.byte	0x1
 163 00aa 0E       		.byte	0xe
 164 00ab 68000000 		.4byte	0x68
 165 00af 00000000 		.4byte	.LFB63
 166 00b3 28000000 		.4byte	.LFE63-.LFB63
 167 00b7 01       		.uleb128 0x1
 168 00b8 9C       		.byte	0x9c
 169 00b9 1D010000 		.4byte	0x11d
 170 00bd 06       		.uleb128 0x6
 171 00be 0A000000 		.4byte	.LVL0
 172 00c2 2E010000 		.4byte	0x12e
 173 00c6 D0000000 		.4byte	0xd0
 174 00ca 07       		.uleb128 0x7
 175 00cb 01       		.uleb128 0x1
 176 00cc 50       		.byte	0x50
 177 00cd 01       		.uleb128 0x1
 178 00ce 31       		.byte	0x31
 179 00cf 00       		.byte	0
 180 00d0 06       		.uleb128 0x6
 181 00d1 10000000 		.4byte	.LVL1
 182 00d5 2E010000 		.4byte	0x12e
 183 00d9 E3000000 		.4byte	0xe3
 184 00dd 07       		.uleb128 0x7
 185 00de 01       		.uleb128 0x1
 186 00df 50       		.byte	0x50
 187 00e0 01       		.uleb128 0x1
 188 00e1 31       		.byte	0x31
 189 00e2 00       		.byte	0
 190 00e3 06       		.uleb128 0x6
 191 00e4 18000000 		.4byte	.LVL2
 192 00e8 39010000 		.4byte	0x139
 193 00ec F8000000 		.4byte	0xf8
 194 00f0 07       		.uleb128 0x7
 195 00f1 01       		.uleb128 0x1
 196 00f2 50       		.byte	0x50
 197 00f3 03       		.uleb128 0x3
 198 00f4 0A       		.byte	0xa
 199 00f5 E803     		.2byte	0x3e8
 200 00f7 00       		.byte	0
 201 00f8 06       		.uleb128 0x6
ARM GAS  C:\Users\Alex\AppData\Local\Temp\ccam7srd.s 			page 5


 202 00f9 1E000000 		.4byte	.LVL3
 203 00fd 2E010000 		.4byte	0x12e
 204 0101 0B010000 		.4byte	0x10b
 205 0105 07       		.uleb128 0x7
 206 0106 01       		.uleb128 0x1
 207 0107 50       		.byte	0x50
 208 0108 01       		.uleb128 0x1
 209 0109 30       		.byte	0x30
 210 010a 00       		.byte	0
 211 010b 08       		.uleb128 0x8
 212 010c 26000000 		.4byte	.LVL4
 213 0110 39010000 		.4byte	0x139
 214 0114 07       		.uleb128 0x7
 215 0115 01       		.uleb128 0x1
 216 0116 50       		.byte	0x50
 217 0117 03       		.uleb128 0x3
 218 0118 0A       		.byte	0xa
 219 0119 E803     		.2byte	0x3e8
 220 011b 00       		.byte	0
 221 011c 00       		.byte	0
 222 011d 09       		.uleb128 0x9
 223 011e 81010000 		.4byte	.LASF22
 224 0122 06       		.byte	0x6
 225 0123 1207     		.2byte	0x712
 226 0125 29010000 		.4byte	0x129
 227 0129 0A       		.uleb128 0xa
 228 012a 76000000 		.4byte	0x76
 229 012e 0B       		.uleb128 0xb
 230 012f C8010000 		.4byte	.LASF16
 231 0133 C8010000 		.4byte	.LASF16
 232 0137 04       		.byte	0x4
 233 0138 26       		.byte	0x26
 234 0139 0B       		.uleb128 0xb
 235 013a C8000000 		.4byte	.LASF17
 236 013e C8000000 		.4byte	.LASF17
 237 0142 05       		.byte	0x5
 238 0143 76       		.byte	0x76
 239 0144 00       		.byte	0
 240              		.section	.debug_abbrev,"",%progbits
 241              	.Ldebug_abbrev0:
 242 0000 01       		.uleb128 0x1
 243 0001 11       		.uleb128 0x11
 244 0002 01       		.byte	0x1
 245 0003 25       		.uleb128 0x25
 246 0004 0E       		.uleb128 0xe
 247 0005 13       		.uleb128 0x13
 248 0006 0B       		.uleb128 0xb
 249 0007 03       		.uleb128 0x3
 250 0008 0E       		.uleb128 0xe
 251 0009 1B       		.uleb128 0x1b
 252 000a 0E       		.uleb128 0xe
 253 000b 55       		.uleb128 0x55
 254 000c 17       		.uleb128 0x17
 255 000d 11       		.uleb128 0x11
 256 000e 01       		.uleb128 0x1
 257 000f 10       		.uleb128 0x10
 258 0010 17       		.uleb128 0x17
ARM GAS  C:\Users\Alex\AppData\Local\Temp\ccam7srd.s 			page 6


 259 0011 00       		.byte	0
 260 0012 00       		.byte	0
 261 0013 02       		.uleb128 0x2
 262 0014 24       		.uleb128 0x24
 263 0015 00       		.byte	0
 264 0016 0B       		.uleb128 0xb
 265 0017 0B       		.uleb128 0xb
 266 0018 3E       		.uleb128 0x3e
 267 0019 0B       		.uleb128 0xb
 268 001a 03       		.uleb128 0x3
 269 001b 0E       		.uleb128 0xe
 270 001c 00       		.byte	0
 271 001d 00       		.byte	0
 272 001e 03       		.uleb128 0x3
 273 001f 16       		.uleb128 0x16
 274 0020 00       		.byte	0
 275 0021 03       		.uleb128 0x3
 276 0022 0E       		.uleb128 0xe
 277 0023 3A       		.uleb128 0x3a
 278 0024 0B       		.uleb128 0xb
 279 0025 3B       		.uleb128 0x3b
 280 0026 0B       		.uleb128 0xb
 281 0027 49       		.uleb128 0x49
 282 0028 13       		.uleb128 0x13
 283 0029 00       		.byte	0
 284 002a 00       		.byte	0
 285 002b 04       		.uleb128 0x4
 286 002c 24       		.uleb128 0x24
 287 002d 00       		.byte	0
 288 002e 0B       		.uleb128 0xb
 289 002f 0B       		.uleb128 0xb
 290 0030 3E       		.uleb128 0x3e
 291 0031 0B       		.uleb128 0xb
 292 0032 03       		.uleb128 0x3
 293 0033 08       		.uleb128 0x8
 294 0034 00       		.byte	0
 295 0035 00       		.byte	0
 296 0036 05       		.uleb128 0x5
 297 0037 2E       		.uleb128 0x2e
 298 0038 01       		.byte	0x1
 299 0039 3F       		.uleb128 0x3f
 300 003a 19       		.uleb128 0x19
 301 003b 03       		.uleb128 0x3
 302 003c 0E       		.uleb128 0xe
 303 003d 3A       		.uleb128 0x3a
 304 003e 0B       		.uleb128 0xb
 305 003f 3B       		.uleb128 0x3b
 306 0040 0B       		.uleb128 0xb
 307 0041 27       		.uleb128 0x27
 308 0042 19       		.uleb128 0x19
 309 0043 49       		.uleb128 0x49
 310 0044 13       		.uleb128 0x13
 311 0045 8701     		.uleb128 0x87
 312 0047 19       		.uleb128 0x19
 313 0048 11       		.uleb128 0x11
 314 0049 01       		.uleb128 0x1
 315 004a 12       		.uleb128 0x12
ARM GAS  C:\Users\Alex\AppData\Local\Temp\ccam7srd.s 			page 7


 316 004b 06       		.uleb128 0x6
 317 004c 40       		.uleb128 0x40
 318 004d 18       		.uleb128 0x18
 319 004e 9742     		.uleb128 0x2117
 320 0050 19       		.uleb128 0x19
 321 0051 01       		.uleb128 0x1
 322 0052 13       		.uleb128 0x13
 323 0053 00       		.byte	0
 324 0054 00       		.byte	0
 325 0055 06       		.uleb128 0x6
 326 0056 898201   		.uleb128 0x4109
 327 0059 01       		.byte	0x1
 328 005a 11       		.uleb128 0x11
 329 005b 01       		.uleb128 0x1
 330 005c 31       		.uleb128 0x31
 331 005d 13       		.uleb128 0x13
 332 005e 01       		.uleb128 0x1
 333 005f 13       		.uleb128 0x13
 334 0060 00       		.byte	0
 335 0061 00       		.byte	0
 336 0062 07       		.uleb128 0x7
 337 0063 8A8201   		.uleb128 0x410a
 338 0066 00       		.byte	0
 339 0067 02       		.uleb128 0x2
 340 0068 18       		.uleb128 0x18
 341 0069 9142     		.uleb128 0x2111
 342 006b 18       		.uleb128 0x18
 343 006c 00       		.byte	0
 344 006d 00       		.byte	0
 345 006e 08       		.uleb128 0x8
 346 006f 898201   		.uleb128 0x4109
 347 0072 01       		.byte	0x1
 348 0073 11       		.uleb128 0x11
 349 0074 01       		.uleb128 0x1
 350 0075 31       		.uleb128 0x31
 351 0076 13       		.uleb128 0x13
 352 0077 00       		.byte	0
 353 0078 00       		.byte	0
 354 0079 09       		.uleb128 0x9
 355 007a 34       		.uleb128 0x34
 356 007b 00       		.byte	0
 357 007c 03       		.uleb128 0x3
 358 007d 0E       		.uleb128 0xe
 359 007e 3A       		.uleb128 0x3a
 360 007f 0B       		.uleb128 0xb
 361 0080 3B       		.uleb128 0x3b
 362 0081 05       		.uleb128 0x5
 363 0082 49       		.uleb128 0x49
 364 0083 13       		.uleb128 0x13
 365 0084 3F       		.uleb128 0x3f
 366 0085 19       		.uleb128 0x19
 367 0086 3C       		.uleb128 0x3c
 368 0087 19       		.uleb128 0x19
 369 0088 00       		.byte	0
 370 0089 00       		.byte	0
 371 008a 0A       		.uleb128 0xa
 372 008b 35       		.uleb128 0x35
ARM GAS  C:\Users\Alex\AppData\Local\Temp\ccam7srd.s 			page 8


 373 008c 00       		.byte	0
 374 008d 49       		.uleb128 0x49
 375 008e 13       		.uleb128 0x13
 376 008f 00       		.byte	0
 377 0090 00       		.byte	0
 378 0091 0B       		.uleb128 0xb
 379 0092 2E       		.uleb128 0x2e
 380 0093 00       		.byte	0
 381 0094 3F       		.uleb128 0x3f
 382 0095 19       		.uleb128 0x19
 383 0096 3C       		.uleb128 0x3c
 384 0097 19       		.uleb128 0x19
 385 0098 6E       		.uleb128 0x6e
 386 0099 0E       		.uleb128 0xe
 387 009a 03       		.uleb128 0x3
 388 009b 0E       		.uleb128 0xe
 389 009c 3A       		.uleb128 0x3a
 390 009d 0B       		.uleb128 0xb
 391 009e 3B       		.uleb128 0x3b
 392 009f 0B       		.uleb128 0xb
 393 00a0 00       		.byte	0
 394 00a1 00       		.byte	0
 395 00a2 00       		.byte	0
 396              		.section	.debug_aranges,"",%progbits
 397 0000 1C000000 		.4byte	0x1c
 398 0004 0200     		.2byte	0x2
 399 0006 00000000 		.4byte	.Ldebug_info0
 400 000a 04       		.byte	0x4
 401 000b 00       		.byte	0
 402 000c 0000     		.2byte	0
 403 000e 0000     		.2byte	0
 404 0010 00000000 		.4byte	.LFB63
 405 0014 28000000 		.4byte	.LFE63-.LFB63
 406 0018 00000000 		.4byte	0
 407 001c 00000000 		.4byte	0
 408              		.section	.debug_ranges,"",%progbits
 409              	.Ldebug_ranges0:
 410 0000 00000000 		.4byte	.LFB63
 411 0004 28000000 		.4byte	.LFE63
 412 0008 00000000 		.4byte	0
 413 000c 00000000 		.4byte	0
 414              		.section	.debug_line,"",%progbits
 415              	.Ldebug_line0:
 416 0000 83010000 		.section	.debug_str,"MS",%progbits,1
 416      02005801 
 416      00000201 
 416      FB0E0D00 
 416      01010101 
 417              	.LASF6:
 418 0000 6C6F6E67 		.ascii	"long long int\000"
 418      206C6F6E 
 418      6720696E 
 418      7400
 419              	.LASF3:
 420 000e 73686F72 		.ascii	"short unsigned int\000"
 420      7420756E 
 420      7369676E 
ARM GAS  C:\Users\Alex\AppData\Local\Temp\ccam7srd.s 			page 9


 420      65642069 
 420      6E7400
 421              	.LASF8:
 422 0021 756E7369 		.ascii	"unsigned int\000"
 422      676E6564 
 422      20696E74 
 422      00
 423              	.LASF19:
 424 002e 6D61696E 		.ascii	"main.c\000"
 424      2E6300
 425              	.LASF21:
 426 0035 6D61696E 		.ascii	"main\000"
 426      00
 427              	.LASF18:
 428 003a 474E5520 		.ascii	"GNU C11 5.4.1 20160609 (release) [ARM/embedded-5-br"
 428      43313120 
 428      352E342E 
 428      31203230 
 428      31363036 
 429 006d 616E6368 		.ascii	"anch revision 237715] -mcpu=cortex-m3 -mthumb -g -O"
 429      20726576 
 429      6973696F 
 429      6E203233 
 429      37373135 
 430 00a0 67202D66 		.ascii	"g -ffunction-sections -ffat-lto-objects\000"
 430      66756E63 
 430      74696F6E 
 430      2D736563 
 430      74696F6E 
 431              	.LASF17:
 432 00c8 43794465 		.ascii	"CyDelay\000"
 432      6C617900 
 433              	.LASF5:
 434 00d0 6C6F6E67 		.ascii	"long unsigned int\000"
 434      20756E73 
 434      69676E65 
 434      6420696E 
 434      7400
 435              	.LASF7:
 436 00e2 6C6F6E67 		.ascii	"long long unsigned int\000"
 436      206C6F6E 
 436      6720756E 
 436      7369676E 
 436      65642069 
 437              	.LASF1:
 438 00f9 756E7369 		.ascii	"unsigned char\000"
 438      676E6564 
 438      20636861 
 438      7200
 439              	.LASF13:
 440 0107 63686172 		.ascii	"char\000"
 440      00
 441              	.LASF20:
 442 010c 503A5C43 		.ascii	"P:\\Cypress_Tutorials_Working_Directory\\MCU101_Cyp"
 442      79707265 
 442      73735F54 
 442      75746F72 
ARM GAS  C:\Users\Alex\AppData\Local\Temp\ccam7srd.s 			page 10


 442      69616C73 
 443 013d 72657373 		.ascii	"ress_PSOC5_Labs\\Lessons\\Lab1-01_BlinkingLight.cyd"
 443      5F50534F 
 443      43355F4C 
 443      6162735C 
 443      4C657373 
 444 016e 736E00   		.ascii	"sn\000"
 445              	.LASF12:
 446 0171 646F7562 		.ascii	"double\000"
 446      6C6500
 447              	.LASF4:
 448 0178 6C6F6E67 		.ascii	"long int\000"
 448      20696E74 
 448      00
 449              	.LASF22:
 450 0181 49544D5F 		.ascii	"ITM_RxBuffer\000"
 450      52784275 
 450      66666572 
 450      00
 451              	.LASF0:
 452 018e 7369676E 		.ascii	"signed char\000"
 452      65642063 
 452      68617200 
 453              	.LASF15:
 454 019a 6C6F6E67 		.ascii	"long double\000"
 454      20646F75 
 454      626C6500 
 455              	.LASF9:
 456 01a6 5F5F696E 		.ascii	"__int32_t\000"
 456      7433325F 
 456      7400
 457              	.LASF11:
 458 01b0 666C6F61 		.ascii	"float\000"
 458      7400
 459              	.LASF2:
 460 01b6 73686F72 		.ascii	"short int\000"
 460      7420696E 
 460      7400
 461              	.LASF10:
 462 01c0 696E7433 		.ascii	"int32_t\000"
 462      325F7400 
 463              	.LASF16:
 464 01c8 4C45445F 		.ascii	"LED_BLUE_Write\000"
 464      424C5545 
 464      5F577269 
 464      746500
 465              	.LASF14:
 466 01d7 73697A65 		.ascii	"sizetype\000"
 466      74797065 
 466      00
 467              		.ident	"GCC: (GNU Tools for ARM Embedded Processors) 5.4.1 20160609 (release) [ARM/embedded-5-bran
