ARM GAS  C:\Users\Alex\AppData\Local\Temp\ccWs36ak.s 			page 1


   1              		.syntax unified
   2              		.cpu cortex-m3
   3              		.fpu softvfp
   4              		.eabi_attribute 20, 1
   5              		.eabi_attribute 21, 1
   6              		.eabi_attribute 23, 3
   7              		.eabi_attribute 24, 1
   8              		.eabi_attribute 25, 1
   9              		.eabi_attribute 26, 1
  10              		.eabi_attribute 30, 1
  11              		.eabi_attribute 34, 1
  12              		.eabi_attribute 18, 4
  13              		.thumb
  14              		.syntax unified
  15              		.file	"cymetadata.c"
  16              		.text
  17              	.Ltext0:
  18              		.cfi_sections	.debug_frame
  19              		.global	cy_metadata
  20              		.global	cy_meta_flashprotect
  21              		.global	cy_meta_wonvl
  22              		.global	cy_meta_custnvl
  23              		.global	cy_meta_configecc
  24              		.section	.cyconfigecc,"a",%progbits
  25              		.align	2
  26              		.type	cy_meta_configecc, %object
  27              		.size	cy_meta_configecc, 1140
  28              	cy_meta_configecc:
  29 0000 03       		.byte	3
  30 0001 52       		.byte	82
  31 0002 00       		.byte	0
  32 0003 40       		.byte	64
  33 0004 01       		.byte	1
  34 0005 5B       		.byte	91
  35 0006 00       		.byte	0
  36 0007 40       		.byte	64
  37 0008 01       		.byte	1
  38 0009 64       		.byte	100
  39 000a 00       		.byte	0
  40 000b 40       		.byte	64
  41 000c 03       		.byte	3
  42 000d 65       		.byte	101
  43 000e 00       		.byte	0
  44 000f 40       		.byte	64
  45 0010 09       		.byte	9
  46 0011 08       		.byte	8
  47 0012 01       		.byte	1
  48 0013 40       		.byte	64
  49 0014 30       		.byte	48
  50 0015 09       		.byte	9
  51 0016 01       		.byte	1
  52 0017 40       		.byte	64
  53 0018 02       		.byte	2
  54 0019 15       		.byte	21
  55 001a 01       		.byte	1
  56 001b 40       		.byte	64
  57 001c 11       		.byte	17
ARM GAS  C:\Users\Alex\AppData\Local\Temp\ccWs36ak.s 			page 2


  58 001d 18       		.byte	24
  59 001e 01       		.byte	1
  60 001f 40       		.byte	64
  61 0020 4D       		.byte	77
  62 0021 19       		.byte	25
  63 0022 01       		.byte	1
  64 0023 40       		.byte	64
  65 0024 64       		.byte	100
  66 0025 1A       		.byte	26
  67 0026 01       		.byte	1
  68 0027 40       		.byte	64
  69 0028 49       		.byte	73
  70 0029 1B       		.byte	27
  71 002a 01       		.byte	1
  72 002b 40       		.byte	64
  73 002c 02       		.byte	2
  74 002d 40       		.byte	64
  75 002e 01       		.byte	1
  76 002f 40       		.byte	64
  77 0030 01       		.byte	1
  78 0031 41       		.byte	65
  79 0032 01       		.byte	1
  80 0033 40       		.byte	64
  81 0034 01       		.byte	1
  82 0035 42       		.byte	66
  83 0036 01       		.byte	1
  84 0037 40       		.byte	64
  85 0038 01       		.byte	1
  86 0039 43       		.byte	67
  87 003a 01       		.byte	1
  88 003b 40       		.byte	64
  89 003c 02       		.byte	2
  90 003d 45       		.byte	69
  91 003e 01       		.byte	1
  92 003f 40       		.byte	64
  93 0040 01       		.byte	1
  94 0041 46       		.byte	70
  95 0042 01       		.byte	1
  96 0043 40       		.byte	64
  97 0044 01       		.byte	1
  98 0045 47       		.byte	71
  99 0046 01       		.byte	1
 100 0047 40       		.byte	64
 101 0048 03       		.byte	3
 102 0049 48       		.byte	72
 103 004a 01       		.byte	1
 104 004b 40       		.byte	64
 105 004c 03       		.byte	3
 106 004d 49       		.byte	73
 107 004e 01       		.byte	1
 108 004f 40       		.byte	64
 109 0050 07       		.byte	7
 110 0051 4C       		.byte	76
 111 0052 01       		.byte	1
 112 0053 40       		.byte	64
 113 0054 0A       		.byte	10
 114 0055 4D       		.byte	77
ARM GAS  C:\Users\Alex\AppData\Local\Temp\ccWs36ak.s 			page 3


 115 0056 01       		.byte	1
 116 0057 40       		.byte	64
 117 0058 08       		.byte	8
 118 0059 50       		.byte	80
 119 005a 01       		.byte	1
 120 005b 40       		.byte	64
 121 005c 01       		.byte	1
 122 005d 51       		.byte	81
 123 005e 01       		.byte	1
 124 005f 40       		.byte	64
 125 0060 11       		.byte	17
 126 0061 04       		.byte	4
 127 0062 61       		.byte	97
 128 0063 80       		.byte	-128
 129 0064 64       		.byte	100
 130 0065 40       		.byte	64
 131 0066 2F       		.byte	47
 132 0067 84       		.byte	-124
 133 0068 88       		.byte	-120
 134 0069 72       		.byte	114
 135 006a 88       		.byte	-120
 136 006b 38       		.byte	56
 137 006c 89       		.byte	-119
 138 006d 0F       		.byte	15
 139 006e 8A       		.byte	-118
 140 006f 0F       		.byte	15
 141 0070 81       		.byte	-127
 142 0071 02       		.byte	2
 143 0072 89       		.byte	-119
 144 0073 01       		.byte	1
 145 0074 95       		.byte	-107
 146 0075 01       		.byte	1
 147 0076 AF       		.byte	-81
 148 0077 01       		.byte	1
 149 0078 B1       		.byte	-79
 150 0079 03       		.byte	3
 151 007a B9       		.byte	-71
 152 007b 02       		.byte	2
 153 007c D9       		.byte	-39
 154 007d 04       		.byte	4
 155 007e DC       		.byte	-36
 156 007f 10       		.byte	16
 157 0080 DF       		.byte	-33
 158 0081 01       		.byte	1
 159 0082 04       		.byte	4
 160 0083 14       		.byte	20
 161 0084 05       		.byte	5
 162 0085 83       		.byte	-125
 163 0086 0C       		.byte	12
 164 0087 10       		.byte	16
 165 0088 0E       		.byte	14
 166 0089 28       		.byte	40
 167 008a 0F       		.byte	15
 168 008b 01       		.byte	1
 169 008c 14       		.byte	20
 170 008d 80       		.byte	-128
 171 008e 16       		.byte	22
ARM GAS  C:\Users\Alex\AppData\Local\Temp\ccWs36ak.s 			page 4


 172 008f 01       		.byte	1
 173 0090 17       		.byte	23
 174 0091 28       		.byte	40
 175 0092 1C       		.byte	28
 176 0093 04       		.byte	4
 177 0094 1D       		.byte	29
 178 0095 01       		.byte	1
 179 0096 1E       		.byte	30
 180 0097 12       		.byte	18
 181 0098 21       		.byte	33
 182 0099 01       		.byte	1
 183 009a 25       		.byte	37
 184 009b 20       		.byte	32
 185 009c 26       		.byte	38
 186 009d 46       		.byte	70
 187 009e 28       		.byte	40
 188 009f 01       		.byte	1
 189 00a0 2D       		.byte	45
 190 00a1 86       		.byte	-122
 191 00a2 2F       		.byte	47
 192 00a3 04       		.byte	4
 193 00a4 30       		.byte	48
 194 00a5 04       		.byte	4
 195 00a6 34       		.byte	52
 196 00a7 90       		.byte	-112
 197 00a8 36       		.byte	54
 198 00a9 02       		.byte	2
 199 00aa 37       		.byte	55
 200 00ab 08       		.byte	8
 201 00ac 38       		.byte	56
 202 00ad 05       		.byte	5
 203 00ae 3A       		.byte	58
 204 00af 14       		.byte	20
 205 00b0 3B       		.byte	59
 206 00b1 08       		.byte	8
 207 00b2 3D       		.byte	61
 208 00b3 88       		.byte	-120
 209 00b4 3E       		.byte	62
 210 00b5 22       		.byte	34
 211 00b6 44       		.byte	68
 212 00b7 04       		.byte	4
 213 00b8 45       		.byte	69
 214 00b9 01       		.byte	1
 215 00ba 46       		.byte	70
 216 00bb 10       		.byte	16
 217 00bc 47       		.byte	71
 218 00bd 04       		.byte	4
 219 00be 4F       		.byte	79
 220 00bf 04       		.byte	4
 221 00c0 57       		.byte	87
 222 00c1 18       		.byte	24
 223 00c2 5E       		.byte	94
 224 00c3 10       		.byte	16
 225 00c4 60       		.byte	96
 226 00c5 08       		.byte	8
 227 00c6 61       		.byte	97
 228 00c7 20       		.byte	32
ARM GAS  C:\Users\Alex\AppData\Local\Temp\ccWs36ak.s 			page 5


 229 00c8 6D       		.byte	109
 230 00c9 10       		.byte	16
 231 00ca 6E       		.byte	110
 232 00cb 04       		.byte	4
 233 00cc 6F       		.byte	111
 234 00cd 11       		.byte	17
 235 00ce 76       		.byte	118
 236 00cf 23       		.byte	35
 237 00d0 77       		.byte	119
 238 00d1 28       		.byte	40
 239 00d2 C0       		.byte	-64
 240 00d3 F0       		.byte	-16
 241 00d4 C2       		.byte	-62
 242 00d5 E0       		.byte	-32
 243 00d6 C4       		.byte	-60
 244 00d7 F0       		.byte	-16
 245 00d8 CA       		.byte	-54
 246 00d9 F8       		.byte	-8
 247 00da CC       		.byte	-52
 248 00db F2       		.byte	-14
 249 00dc CE       		.byte	-50
 250 00dd F5       		.byte	-11
 251 00de D0       		.byte	-48
 252 00df E0       		.byte	-32
 253 00e0 D6       		.byte	-42
 254 00e1 20       		.byte	32
 255 00e2 E8       		.byte	-24
 256 00e3 10       		.byte	16
 257 00e4 EE       		.byte	-18
 258 00e5 08       		.byte	8
 259 00e6 88       		.byte	-120
 260 00e7 04       		.byte	4
 261 00e8 8B       		.byte	-117
 262 00e9 01       		.byte	1
 263 00ea 96       		.byte	-106
 264 00eb 03       		.byte	3
 265 00ec 98       		.byte	-104
 266 00ed 02       		.byte	2
 267 00ee AA       		.byte	-86
 268 00ef 01       		.byte	1
 269 00f0 B0       		.byte	-80
 270 00f1 02       		.byte	2
 271 00f2 B2       		.byte	-78
 272 00f3 04       		.byte	4
 273 00f4 B4       		.byte	-76
 274 00f5 01       		.byte	1
 275 00f6 B5       		.byte	-75
 276 00f7 01       		.byte	1
 277 00f8 BE       		.byte	-66
 278 00f9 04       		.byte	4
 279 00fa D4       		.byte	-44
 280 00fb 01       		.byte	1
 281 00fc D8       		.byte	-40
 282 00fd 04       		.byte	4
 283 00fe D9       		.byte	-39
 284 00ff 04       		.byte	4
 285 0100 DB       		.byte	-37
ARM GAS  C:\Users\Alex\AppData\Local\Temp\ccWs36ak.s 			page 6


 286 0101 04       		.byte	4
 287 0102 DC       		.byte	-36
 288 0103 22       		.byte	34
 289 0104 DD       		.byte	-35
 290 0105 10       		.byte	16
 291 0106 DF       		.byte	-33
 292 0107 01       		.byte	1
 293 0108 03       		.byte	3
 294 0109 08       		.byte	8
 295 010a 04       		.byte	4
 296 010b 11       		.byte	17
 297 010c 05       		.byte	5
 298 010d 80       		.byte	-128
 299 010e 07       		.byte	7
 300 010f 10       		.byte	16
 301 0110 09       		.byte	9
 302 0111 20       		.byte	32
 303 0112 0B       		.byte	11
 304 0113 20       		.byte	32
 305 0114 0C       		.byte	12
 306 0115 10       		.byte	16
 307 0116 0D       		.byte	13
 308 0117 01       		.byte	1
 309 0118 0E       		.byte	14
 310 0119 20       		.byte	32
 311 011a 0F       		.byte	15
 312 011b 04       		.byte	4
 313 011c 13       		.byte	19
 314 011d 10       		.byte	16
 315 011e 14       		.byte	20
 316 011f 01       		.byte	1
 317 0120 15       		.byte	21
 318 0121 11       		.byte	17
 319 0122 17       		.byte	23
 320 0123 04       		.byte	4
 321 0124 19       		.byte	25
 322 0125 14       		.byte	20
 323 0126 1A       		.byte	26
 324 0127 80       		.byte	-128
 325 0128 1C       		.byte	28
 326 0129 10       		.byte	16
 327 012a 1D       		.byte	29
 328 012b 40       		.byte	64
 329 012c 1E       		.byte	30
 330 012d 08       		.byte	8
 331 012e 21       		.byte	33
 332 012f 20       		.byte	32
 333 0130 24       		.byte	36
 334 0131 08       		.byte	8
 335 0132 25       		.byte	37
 336 0133 08       		.byte	8
 337 0134 26       		.byte	38
 338 0135 80       		.byte	-128
 339 0136 27       		.byte	39
 340 0137 40       		.byte	64
 341 0138 2C       		.byte	44
 342 0139 04       		.byte	4
ARM GAS  C:\Users\Alex\AppData\Local\Temp\ccWs36ak.s 			page 7


 343 013a 2D       		.byte	45
 344 013b 80       		.byte	-128
 345 013c 2F       		.byte	47
 346 013d 04       		.byte	4
 347 013e 34       		.byte	52
 348 013f 41       		.byte	65
 349 0140 36       		.byte	54
 350 0141 56       		.byte	86
 351 0142 37       		.byte	55
 352 0143 04       		.byte	4
 353 0144 3B       		.byte	59
 354 0145 20       		.byte	32
 355 0146 3C       		.byte	60
 356 0147 11       		.byte	17
 357 0148 3D       		.byte	61
 358 0149 02       		.byte	2
 359 014a 3F       		.byte	63
 360 014b 82       		.byte	-126
 361 014c 44       		.byte	68
 362 014d 40       		.byte	64
 363 014e 45       		.byte	69
 364 014f 04       		.byte	4
 365 0150 46       		.byte	70
 366 0151 04       		.byte	4
 367 0152 47       		.byte	71
 368 0153 40       		.byte	64
 369 0154 4C       		.byte	76
 370 0155 04       		.byte	4
 371 0156 4D       		.byte	77
 372 0157 04       		.byte	4
 373 0158 57       		.byte	87
 374 0159 40       		.byte	64
 375 015a 58       		.byte	88
 376 015b 12       		.byte	18
 377 015c 59       		.byte	89
 378 015d 44       		.byte	68
 379 015e 5E       		.byte	94
 380 015f 02       		.byte	2
 381 0160 62       		.byte	98
 382 0161 C0       		.byte	-64
 383 0162 64       		.byte	100
 384 0163 08       		.byte	8
 385 0164 66       		.byte	102
 386 0165 40       		.byte	64
 387 0166 80       		.byte	-128
 388 0167 84       		.byte	-124
 389 0168 88       		.byte	-120
 390 0169 04       		.byte	4
 391 016a 89       		.byte	-119
 392 016b 01       		.byte	1
 393 016c 8D       		.byte	-115
 394 016d 10       		.byte	16
 395 016e 91       		.byte	-111
 396 016f 12       		.byte	18
 397 0170 92       		.byte	-110
 398 0171 04       		.byte	4
 399 0172 93       		.byte	-109
ARM GAS  C:\Users\Alex\AppData\Local\Temp\ccWs36ak.s 			page 8


 400 0173 04       		.byte	4
 401 0174 94       		.byte	-108
 402 0175 11       		.byte	17
 403 0176 95       		.byte	-107
 404 0177 04       		.byte	4
 405 0178 97       		.byte	-105
 406 0179 01       		.byte	1
 407 017a 98       		.byte	-104
 408 017b 08       		.byte	8
 409 017c 9A       		.byte	-102
 410 017d 04       		.byte	4
 411 017e 9B       		.byte	-101
 412 017f 11       		.byte	17
 413 0180 9C       		.byte	-100
 414 0181 85       		.byte	-123
 415 0182 9D       		.byte	-99
 416 0183 80       		.byte	-128
 417 0184 9F       		.byte	-97
 418 0185 04       		.byte	4
 419 0186 A2       		.byte	-94
 420 0187 41       		.byte	65
 421 0188 A3       		.byte	-93
 422 0189 18       		.byte	24
 423 018a A5       		.byte	-91
 424 018b 45       		.byte	69
 425 018c A6       		.byte	-90
 426 018d 10       		.byte	16
 427 018e C0       		.byte	-64
 428 018f F2       		.byte	-14
 429 0190 C2       		.byte	-62
 430 0191 76       		.byte	118
 431 0192 C4       		.byte	-60
 432 0193 F2       		.byte	-14
 433 0194 CA       		.byte	-54
 434 0195 30       		.byte	48
 435 0196 CC       		.byte	-52
 436 0197 F0       		.byte	-16
 437 0198 CE       		.byte	-50
 438 0199 B4       		.byte	-76
 439 019a D0       		.byte	-48
 440 019b F0       		.byte	-16
 441 019c D2       		.byte	-46
 442 019d 20       		.byte	32
 443 019e D6       		.byte	-42
 444 019f 8F       		.byte	-113
 445 01a0 D8       		.byte	-40
 446 01a1 30       		.byte	48
 447 01a2 07       		.byte	7
 448 01a3 0A       		.byte	10
 449 01a4 11       		.byte	17
 450 01a5 08       		.byte	8
 451 01a6 12       		.byte	18
 452 01a7 01       		.byte	1
 453 01a8 21       		.byte	33
 454 01a9 01       		.byte	1
 455 01aa 2A       		.byte	42
 456 01ab 01       		.byte	1
ARM GAS  C:\Users\Alex\AppData\Local\Temp\ccWs36ak.s 			page 9


 457 01ac 2F       		.byte	47
 458 01ad 04       		.byte	4
 459 01ae 31       		.byte	49
 460 01af 02       		.byte	2
 461 01b0 32       		.byte	50
 462 01b1 01       		.byte	1
 463 01b2 33       		.byte	51
 464 01b3 04       		.byte	4
 465 01b4 35       		.byte	53
 466 01b5 08       		.byte	8
 467 01b6 37       		.byte	55
 468 01b7 01       		.byte	1
 469 01b8 3E       		.byte	62
 470 01b9 04       		.byte	4
 471 01ba 3F       		.byte	63
 472 01bb 40       		.byte	64
 473 01bc 40       		.byte	64
 474 01bd 60       		.byte	96
 475 01be 41       		.byte	65
 476 01bf 05       		.byte	5
 477 01c0 45       		.byte	69
 478 01c1 D0       		.byte	-48
 479 01c2 46       		.byte	70
 480 01c3 12       		.byte	18
 481 01c4 47       		.byte	71
 482 01c5 05       		.byte	5
 483 01c6 48       		.byte	72
 484 01c7 1E       		.byte	30
 485 01c8 49       		.byte	73
 486 01c9 FF       		.byte	-1
 487 01ca 4A       		.byte	74
 488 01cb FF       		.byte	-1
 489 01cc 4B       		.byte	75
 490 01cd FF       		.byte	-1
 491 01ce 4D       		.byte	77
 492 01cf A0       		.byte	-96
 493 01d0 4F       		.byte	79
 494 01d1 04       		.byte	4
 495 01d2 50       		.byte	80
 496 01d3 18       		.byte	24
 497 01d4 52       		.byte	82
 498 01d5 80       		.byte	-128
 499 01d6 54       		.byte	84
 500 01d7 07       		.byte	7
 501 01d8 58       		.byte	88
 502 01d9 04       		.byte	4
 503 01da 59       		.byte	89
 504 01db 04       		.byte	4
 505 01dc 5A       		.byte	90
 506 01dd 04       		.byte	4
 507 01de 5B       		.byte	91
 508 01df 04       		.byte	4
 509 01e0 5C       		.byte	92
 510 01e1 20       		.byte	32
 511 01e2 5D       		.byte	93
 512 01e3 22       		.byte	34
 513 01e4 5F       		.byte	95
ARM GAS  C:\Users\Alex\AppData\Local\Temp\ccWs36ak.s 			page 10


 514 01e5 01       		.byte	1
 515 01e6 60       		.byte	96
 516 01e7 40       		.byte	64
 517 01e8 62       		.byte	98
 518 01e9 C0       		.byte	-64
 519 01ea 64       		.byte	100
 520 01eb 40       		.byte	64
 521 01ec 65       		.byte	101
 522 01ed 40       		.byte	64
 523 01ee 66       		.byte	102
 524 01ef C0       		.byte	-64
 525 01f0 68       		.byte	104
 526 01f1 C0       		.byte	-64
 527 01f2 6A       		.byte	106
 528 01f3 C0       		.byte	-64
 529 01f4 6C       		.byte	108
 530 01f5 C0       		.byte	-64
 531 01f6 6E       		.byte	110
 532 01f7 C0       		.byte	-64
 533 01f8 80       		.byte	-128
 534 01f9 DC       		.byte	-36
 535 01fa 82       		.byte	-126
 536 01fb 22       		.byte	34
 537 01fc 83       		.byte	-125
 538 01fd 03       		.byte	3
 539 01fe 84       		.byte	-124
 540 01ff 10       		.byte	16
 541 0200 85       		.byte	-123
 542 0201 70       		.byte	112
 543 0202 86       		.byte	-122
 544 0203 40       		.byte	64
 545 0204 88       		.byte	-120
 546 0205 0C       		.byte	12
 547 0206 89       		.byte	-119
 548 0207 70       		.byte	112
 549 0208 8A       		.byte	-118
 550 0209 71       		.byte	113
 551 020a 8D       		.byte	-115
 552 020b 0C       		.byte	12
 553 020c 8F       		.byte	-113
 554 020d 03       		.byte	3
 555 020e 91       		.byte	-111
 556 020f 40       		.byte	64
 557 0210 94       		.byte	-108
 558 0211 14       		.byte	20
 559 0212 95       		.byte	-107
 560 0213 01       		.byte	1
 561 0214 97       		.byte	-105
 562 0215 06       		.byte	6
 563 0216 99       		.byte	-103
 564 0217 20       		.byte	32
 565 0218 9B       		.byte	-101
 566 0219 10       		.byte	16
 567 021a 9E       		.byte	-98
 568 021b 03       		.byte	3
 569 021c 9F       		.byte	-97
 570 021d 0C       		.byte	12
ARM GAS  C:\Users\Alex\AppData\Local\Temp\ccWs36ak.s 			page 11


 571 021e A0       		.byte	-96
 572 021f 09       		.byte	9
 573 0220 A2       		.byte	-94
 574 0221 D0       		.byte	-48
 575 0222 A4       		.byte	-92
 576 0223 10       		.byte	16
 577 0224 A6       		.byte	-90
 578 0225 AC       		.byte	-84
 579 0226 A7       		.byte	-89
 580 0227 08       		.byte	8
 581 0228 A9       		.byte	-87
 582 0229 01       		.byte	1
 583 022a AB       		.byte	-85
 584 022b 0E       		.byte	14
 585 022c AD       		.byte	-83
 586 022d 10       		.byte	16
 587 022e AE       		.byte	-82
 588 022f 20       		.byte	32
 589 0230 AF       		.byte	-81
 590 0231 A0       		.byte	-96
 591 0232 B1       		.byte	-79
 592 0233 0F       		.byte	15
 593 0234 B2       		.byte	-78
 594 0235 E0       		.byte	-32
 595 0236 B3       		.byte	-77
 596 0237 40       		.byte	64
 597 0238 B5       		.byte	-75
 598 0239 30       		.byte	48
 599 023a B6       		.byte	-74
 600 023b 1F       		.byte	31
 601 023c B7       		.byte	-73
 602 023d 80       		.byte	-128
 603 023e BA       		.byte	-70
 604 023f 08       		.byte	8
 605 0240 BB       		.byte	-69
 606 0241 02       		.byte	2
 607 0242 C0       		.byte	-64
 608 0243 03       		.byte	3
 609 0244 C6       		.byte	-58
 610 0245 40       		.byte	64
 611 0246 C9       		.byte	-55
 612 0247 FF       		.byte	-1
 613 0248 CA       		.byte	-54
 614 0249 07       		.byte	7
 615 024a CB       		.byte	-53
 616 024b FF       		.byte	-1
 617 024c CC       		.byte	-52
 618 024d 40       		.byte	64
 619 024e CD       		.byte	-51
 620 024f 20       		.byte	32
 621 0250 CE       		.byte	-50
 622 0251 F0       		.byte	-16
 623 0252 CF       		.byte	-49
 624 0253 05       		.byte	5
 625 0254 D0       		.byte	-48
 626 0255 08       		.byte	8
 627 0256 D8       		.byte	-40
ARM GAS  C:\Users\Alex\AppData\Local\Temp\ccWs36ak.s 			page 12


 628 0257 04       		.byte	4
 629 0258 D9       		.byte	-39
 630 0259 04       		.byte	4
 631 025a DA       		.byte	-38
 632 025b 04       		.byte	4
 633 025c DC       		.byte	-36
 634 025d 11       		.byte	17
 635 025e DD       		.byte	-35
 636 025f 01       		.byte	1
 637 0260 DF       		.byte	-33
 638 0261 01       		.byte	1
 639 0262 E0       		.byte	-32
 640 0263 40       		.byte	64
 641 0264 E1       		.byte	-31
 642 0265 A8       		.byte	-88
 643 0266 E2       		.byte	-30
 644 0267 40       		.byte	64
 645 0268 E3       		.byte	-29
 646 0269 20       		.byte	32
 647 026a 04       		.byte	4
 648 026b 10       		.byte	16
 649 026c 06       		.byte	6
 650 026d 20       		.byte	32
 651 026e 07       		.byte	7
 652 026f 40       		.byte	64
 653 0270 0B       		.byte	11
 654 0271 80       		.byte	-128
 655 0272 0E       		.byte	14
 656 0273 01       		.byte	1
 657 0274 0F       		.byte	15
 658 0275 20       		.byte	32
 659 0276 13       		.byte	19
 660 0277 10       		.byte	16
 661 0278 14       		.byte	20
 662 0279 40       		.byte	64
 663 027a 15       		.byte	21
 664 027b 02       		.byte	2
 665 027c 16       		.byte	22
 666 027d 01       		.byte	1
 667 027e 17       		.byte	23
 668 027f 04       		.byte	4
 669 0280 19       		.byte	25
 670 0281 04       		.byte	4
 671 0282 1C       		.byte	28
 672 0283 10       		.byte	16
 673 0284 1E       		.byte	30
 674 0285 01       		.byte	1
 675 0286 1F       		.byte	31
 676 0287 84       		.byte	-124
 677 0288 20       		.byte	32
 678 0289 01       		.byte	1
 679 028a 21       		.byte	33
 680 028b 02       		.byte	2
 681 028c 22       		.byte	34
 682 028d 10       		.byte	16
 683 028e 23       		.byte	35
 684 028f 10       		.byte	16
ARM GAS  C:\Users\Alex\AppData\Local\Temp\ccWs36ak.s 			page 13


 685 0290 24       		.byte	36
 686 0291 40       		.byte	64
 687 0292 25       		.byte	37
 688 0293 44       		.byte	68
 689 0294 26       		.byte	38
 690 0295 12       		.byte	18
 691 0296 27       		.byte	39
 692 0297 60       		.byte	96
 693 0298 2A       		.byte	42
 694 0299 80       		.byte	-128
 695 029a 2B       		.byte	43
 696 029b 80       		.byte	-128
 697 029c 2D       		.byte	45
 698 029d 80       		.byte	-128
 699 029e 2F       		.byte	47
 700 029f 24       		.byte	36
 701 02a0 31       		.byte	49
 702 02a1 02       		.byte	2
 703 02a2 34       		.byte	52
 704 02a3 40       		.byte	64
 705 02a4 36       		.byte	54
 706 02a5 10       		.byte	16
 707 02a6 37       		.byte	55
 708 02a7 05       		.byte	5
 709 02a8 38       		.byte	56
 710 02a9 08       		.byte	8
 711 02aa 3C       		.byte	60
 712 02ab 40       		.byte	64
 713 02ac 3D       		.byte	61
 714 02ad 10       		.byte	16
 715 02ae 3E       		.byte	62
 716 02af 04       		.byte	4
 717 02b0 3F       		.byte	63
 718 02b1 02       		.byte	2
 719 02b2 45       		.byte	69
 720 02b3 08       		.byte	8
 721 02b4 49       		.byte	73
 722 02b5 01       		.byte	1
 723 02b6 4B       		.byte	75
 724 02b7 90       		.byte	-112
 725 02b8 50       		.byte	80
 726 02b9 04       		.byte	4
 727 02ba 53       		.byte	83
 728 02bb 50       		.byte	80
 729 02bc 56       		.byte	86
 730 02bd 21       		.byte	33
 731 02be 57       		.byte	87
 732 02bf 21       		.byte	33
 733 02c0 59       		.byte	89
 734 02c1 05       		.byte	5
 735 02c2 5A       		.byte	90
 736 02c3 A0       		.byte	-96
 737 02c4 72       		.byte	114
 738 02c5 80       		.byte	-128
 739 02c6 80       		.byte	-128
 740 02c7 01       		.byte	1
 741 02c8 89       		.byte	-119
ARM GAS  C:\Users\Alex\AppData\Local\Temp\ccWs36ak.s 			page 14


 742 02c9 80       		.byte	-128
 743 02ca 8F       		.byte	-113
 744 02cb 21       		.byte	33
 745 02cc 91       		.byte	-111
 746 02cd 12       		.byte	18
 747 02ce 92       		.byte	-110
 748 02cf 84       		.byte	-124
 749 02d0 97       		.byte	-105
 750 02d1 39       		.byte	57
 751 02d2 9B       		.byte	-101
 752 02d3 05       		.byte	5
 753 02d4 9D       		.byte	-99
 754 02d5 80       		.byte	-128
 755 02d6 A1       		.byte	-95
 756 02d7 08       		.byte	8
 757 02d8 A3       		.byte	-93
 758 02d9 10       		.byte	16
 759 02da A5       		.byte	-91
 760 02db 44       		.byte	68
 761 02dc A6       		.byte	-90
 762 02dd 12       		.byte	18
 763 02de A7       		.byte	-89
 764 02df 01       		.byte	1
 765 02e0 A8       		.byte	-88
 766 02e1 02       		.byte	2
 767 02e2 AB       		.byte	-85
 768 02e3 08       		.byte	8
 769 02e4 C0       		.byte	-64
 770 02e5 70       		.byte	112
 771 02e6 C2       		.byte	-62
 772 02e7 A8       		.byte	-88
 773 02e8 C4       		.byte	-60
 774 02e9 B2       		.byte	-78
 775 02ea CA       		.byte	-54
 776 02eb 79       		.byte	121
 777 02ec CC       		.byte	-52
 778 02ed F1       		.byte	-15
 779 02ee CE       		.byte	-50
 780 02ef F2       		.byte	-14
 781 02f0 D0       		.byte	-48
 782 02f1 40       		.byte	64
 783 02f2 D2       		.byte	-46
 784 02f3 0C       		.byte	12
 785 02f4 D6       		.byte	-42
 786 02f5 0F       		.byte	15
 787 02f6 E0       		.byte	-32
 788 02f7 01       		.byte	1
 789 02f8 E8       		.byte	-24
 790 02f9 10       		.byte	16
 791 02fa EE       		.byte	-18
 792 02fb 08       		.byte	8
 793 02fc 33       		.byte	51
 794 02fd 20       		.byte	32
 795 02fe CC       		.byte	-52
 796 02ff 10       		.byte	16
 797 0300 A7       		.byte	-89
 798 0301 20       		.byte	32
ARM GAS  C:\Users\Alex\AppData\Local\Temp\ccWs36ak.s 			page 15


 799 0302 A7       		.byte	-89
 800 0303 20       		.byte	32
 801 0304 A7       		.byte	-89
 802 0305 20       		.byte	32
 803 0306 5A       		.byte	90
 804 0307 20       		.byte	32
 805 0308 D4       		.byte	-44
 806 0309 01       		.byte	1
 807 030a 96       		.byte	-106
 808 030b 20       		.byte	32
 809 030c 96       		.byte	-106
 810 030d 20       		.byte	32
 811 030e 24       		.byte	36
 812 030f 08       		.byte	8
 813 0310 A7       		.byte	-89
 814 0311 20       		.byte	32
 815 0312 C8       		.byte	-56
 816 0313 20       		.byte	32
 817 0314 AF       		.byte	-81
 818 0315 20       		.byte	32
 819 0316 B4       		.byte	-76
 820 0317 04       		.byte	4
 821 0318 EE       		.byte	-18
 822 0319 10       		.byte	16
 823 031a 1F       		.byte	31
 824 031b 80       		.byte	-128
 825 031c 34       		.byte	52
 826 031d 02       		.byte	2
 827 031e 8E       		.byte	-114
 828 031f 10       		.byte	16
 829 0320 96       		.byte	-106
 830 0321 20       		.byte	32
 831 0322 C6       		.byte	-58
 832 0323 01       		.byte	1
 833 0324 CC       		.byte	-52
 834 0325 01       		.byte	1
 835 0326 E0       		.byte	-32
 836 0327 02       		.byte	2
 837 0328 11       		.byte	17
 838 0329 01       		.byte	1
 839 032a 71       		.byte	113
 840 032b 02       		.byte	2
 841 032c 81       		.byte	-127
 842 032d 02       		.byte	2
 843 032e 89       		.byte	-119
 844 032f 01       		.byte	1
 845 0330 AF       		.byte	-81
 846 0331 80       		.byte	-128
 847 0332 B4       		.byte	-76
 848 0333 02       		.byte	2
 849 0334 C4       		.byte	-60
 850 0335 08       		.byte	8
 851 0336 DC       		.byte	-36
 852 0337 01       		.byte	1
 853 0338 E6       		.byte	-26
 854 0339 01       		.byte	1
 855 033a E8       		.byte	-24
ARM GAS  C:\Users\Alex\AppData\Local\Temp\ccWs36ak.s 			page 16


 856 033b 08       		.byte	8
 857 033c 00       		.byte	0
 858 033d 02       		.byte	2
 859 033e 01       		.byte	1
 860 033f 01       		.byte	1
 861 0340 0C       		.byte	12
 862 0341 02       		.byte	2
 863 0342 0D       		.byte	13
 864 0343 01       		.byte	1
 865 0344 10       		.byte	16
 866 0345 06       		.byte	6
 867 0346 11       		.byte	17
 868 0347 01       		.byte	1
 869 0348 1C       		.byte	28
 870 0349 06       		.byte	6
 871 034a 1D       		.byte	29
 872 034b 01       		.byte	1
 873 034c 00       		.byte	0
 874 034d 03       		.byte	3
 875 034e 00       		.byte	0
 876 034f 00       		.byte	0
 877 0350 1F       		.byte	31
 878 0351 10       		.byte	16
 879 0352 E0       		.byte	-32
 880 0353 00       		.byte	0
 881 0354 F3       		.byte	-13
 882 0355 00       		.byte	0
 883 0356 0C       		.byte	12
 884 0357 23       		.byte	35
 885 0358 C3       		.byte	-61
 886 0359 18       		.byte	24
 887 035a 00       		.byte	0
 888 035b 00       		.byte	0
 889 035c 41       		.byte	65
 890 035d 00       		.byte	0
 891 035e 00       		.byte	0
 892 035f 04       		.byte	4
 893 0360 00       		.byte	0
 894 0361 00       		.byte	0
 895 0362 00       		.byte	0
 896 0363 80       		.byte	-128
 897 0364 82       		.byte	-126
 898 0365 08       		.byte	8
 899 0366 00       		.byte	0
 900 0367 00       		.byte	0
 901 0368 1C       		.byte	28
 902 0369 3C       		.byte	60
 903 036a E3       		.byte	-29
 904 036b 42       		.byte	66
 905 036c 00       		.byte	0
 906 036d 7F       		.byte	127
 907 036e E3       		.byte	-29
 908 036f 00       		.byte	0
 909 0370 FF       		.byte	-1
 910 0371 1C       		.byte	28
 911 0372 00       		.byte	0
 912 0373 61       		.byte	97
ARM GAS  C:\Users\Alex\AppData\Local\Temp\ccWs36ak.s 			page 17


 913 0374 04       		.byte	4
 914 0375 00       		.byte	0
 915 0376 00       		.byte	0
 916 0377 80       		.byte	-128
 917 0378 0C       		.byte	12
 918 0379 67       		.byte	103
 919 037a 00       		.byte	0
 920 037b 18       		.byte	24
 921 037c 08       		.byte	8
 922 037d 04       		.byte	4
 923 037e 00       		.byte	0
 924 037f 00       		.byte	0
 925 0380 2C       		.byte	44
 926 0381 40       		.byte	64
 927 0382 10       		.byte	16
 928 0383 1F       		.byte	31
 929 0384 0F       		.byte	15
 930 0385 80       		.byte	-128
 931 0386 C0       		.byte	-64
 932 0387 38       		.byte	56
 933 0388 00       		.byte	0
 934 0389 02       		.byte	2
 935 038a 22       		.byte	34
 936 038b 08       		.byte	8
 937 038c 00       		.byte	0
 938 038d 00       		.byte	0
 939 038e 04       		.byte	4
 940 038f 10       		.byte	16
 941 0390 34       		.byte	52
 942 0391 02       		.byte	2
 943 0392 00       		.byte	0
 944 0393 00       		.byte	0
 945 0394 00       		.byte	0
 946 0395 0C       		.byte	12
 947 0396 B0       		.byte	-80
 948 0397 0E       		.byte	14
 949 0398 19       		.byte	25
 950 0399 FF       		.byte	-1
 951 039a FF       		.byte	-1
 952 039b FF       		.byte	-1
 953 039c 00       		.byte	0
 954 039d 00       		.byte	0
 955 039e F0       		.byte	-16
 956 039f 44       		.byte	68
 957 03a0 0C       		.byte	12
 958 03a1 00       		.byte	0
 959 03a2 00       		.byte	0
 960 03a3 00       		.byte	0
 961 03a4 00       		.byte	0
 962 03a5 00       		.byte	0
 963 03a6 02       		.byte	2
 964 03a7 11       		.byte	17
 965 03a8 04       		.byte	4
 966 03a9 04       		.byte	4
 967 03aa 04       		.byte	4
 968 03ab 04       		.byte	4
 969 03ac 11       		.byte	17
ARM GAS  C:\Users\Alex\AppData\Local\Temp\ccWs36ak.s 			page 18


 970 03ad 11       		.byte	17
 971 03ae 00       		.byte	0
 972 03af 01       		.byte	1
 973 03b0 00       		.byte	0
 974 03b1 00       		.byte	0
 975 03b2 00       		.byte	0
 976 03b3 00       		.byte	0
 977 03b4 00       		.byte	0
 978 03b5 00       		.byte	0
 979 03b6 C0       		.byte	-64
 980 03b7 00       		.byte	0
 981 03b8 00       		.byte	0
 982 03b9 00       		.byte	0
 983 03ba 40       		.byte	64
 984 03bb 02       		.byte	2
 985 03bc 00       		.byte	0
 986 03bd 00       		.byte	0
 987 03be 00       		.byte	0
 988 03bf 00       		.byte	0
 989 03c0 00       		.byte	0
 990 03c1 00       		.byte	0
 991 03c2 00       		.byte	0
 992 03c3 00       		.byte	0
 993 03c4 00       		.byte	0
 994 03c5 00       		.byte	0
 995 03c6 00       		.byte	0
 996 03c7 00       		.byte	0
 997 03c8 00       		.byte	0
 998 03c9 00       		.byte	0
 999 03ca 00       		.byte	0
 1000 03cb 00       		.byte	0
 1001 03cc 00       		.byte	0
 1002 03cd 00       		.byte	0
 1003 03ce 00       		.byte	0
 1004 03cf 00       		.byte	0
 1005 03d0 00       		.byte	0
 1006 03d1 00       		.byte	0
 1007 03d2 15       		.byte	21
 1008 03d3 04       		.byte	4
 1009 03d4 E0       		.byte	-32
 1010 03d5 00       		.byte	0
 1011 03d6 00       		.byte	0
 1012 03d7 00       		.byte	0
 1013 03d8 20       		.byte	32
 1014 03d9 00       		.byte	0
 1015 03da C0       		.byte	-64
 1016 03db 01       		.byte	1
 1017 03dc 40       		.byte	64
 1018 03dd 00       		.byte	0
 1019 03de 20       		.byte	32
 1020 03df 10       		.byte	16
 1021 03e0 00       		.byte	0
 1022 03e1 08       		.byte	8
 1023 03e2 08       		.byte	8
 1024 03e3 00       		.byte	0
 1025 03e4 80       		.byte	-128
 1026 03e5 0C       		.byte	12
ARM GAS  C:\Users\Alex\AppData\Local\Temp\ccWs36ak.s 			page 19


 1027 03e6 20       		.byte	32
 1028 03e7 00       		.byte	0
 1029 03e8 03       		.byte	3
 1030 03e9 00       		.byte	0
 1031 03ea 14       		.byte	20
 1032 03eb 02       		.byte	2
 1033 03ec 00       		.byte	0
 1034 03ed 00       		.byte	0
 1035 03ee 00       		.byte	0
 1036 03ef 10       		.byte	16
 1037 03f0 13       		.byte	19
 1038 03f1 00       		.byte	0
 1039 03f2 04       		.byte	4
 1040 03f3 00       		.byte	0
 1041 03f4 13       		.byte	19
 1042 03f5 00       		.byte	0
 1043 03f6 0C       		.byte	12
 1044 03f7 00       		.byte	0
 1045 03f8 E0       		.byte	-32
 1046 03f9 0C       		.byte	12
 1047 03fa 00       		.byte	0
 1048 03fb 00       		.byte	0
 1049 03fc 0A       		.byte	10
 1050 03fd 00       		.byte	0
 1051 03fe 14       		.byte	20
 1052 03ff 02       		.byte	2
 1053 0400 00       		.byte	0
 1054 0401 03       		.byte	3
 1055 0402 E0       		.byte	-32
 1056 0403 0C       		.byte	12
 1057 0404 0F       		.byte	15
 1058 0405 00       		.byte	0
 1059 0406 10       		.byte	16
 1060 0407 10       		.byte	16
 1061 0408 00       		.byte	0
 1062 0409 08       		.byte	8
 1063 040a 20       		.byte	32
 1064 040b 20       		.byte	32
 1065 040c 00       		.byte	0
 1066 040d 00       		.byte	0
 1067 040e 40       		.byte	64
 1068 040f 45       		.byte	69
 1069 0410 23       		.byte	35
 1070 0411 06       		.byte	6
 1071 0412 04       		.byte	4
 1072 0413 00       		.byte	0
 1073 0414 01       		.byte	1
 1074 0415 0E       		.byte	14
 1075 0416 0C       		.byte	12
 1076 0417 00       		.byte	0
 1077 0418 05       		.byte	5
 1078 0419 FF       		.byte	-1
 1079 041a FF       		.byte	-1
 1080 041b FF       		.byte	-1
 1081 041c 62       		.byte	98
 1082 041d A0       		.byte	-96
 1083 041e F0       		.byte	-16
ARM GAS  C:\Users\Alex\AppData\Local\Temp\ccWs36ak.s 			page 20


 1084 041f 41       		.byte	65
 1085 0420 0C       		.byte	12
 1086 0421 00       		.byte	0
 1087 0422 00       		.byte	0
 1088 0423 00       		.byte	0
 1089 0424 18       		.byte	24
 1090 0425 00       		.byte	0
 1091 0426 00       		.byte	0
 1092 0427 00       		.byte	0
 1093 0428 04       		.byte	4
 1094 0429 04       		.byte	4
 1095 042a 04       		.byte	4
 1096 042b 04       		.byte	4
 1097 042c 11       		.byte	17
 1098 042d 11       		.byte	17
 1099 042e 00       		.byte	0
 1100 042f 01       		.byte	1
 1101 0430 00       		.byte	0
 1102 0431 00       		.byte	0
 1103 0432 00       		.byte	0
 1104 0433 00       		.byte	0
 1105 0434 00       		.byte	0
 1106 0435 00       		.byte	0
 1107 0436 40       		.byte	64
 1108 0437 02       		.byte	2
 1109 0438 00       		.byte	0
 1110 0439 10       		.byte	16
 1111 043a 30       		.byte	48
 1112 043b 10       		.byte	16
 1113 043c 00       		.byte	0
 1114 043d 10       		.byte	16
 1115 043e 10       		.byte	16
 1116 043f 12       		.byte	18
 1117 0440 00       		.byte	0
 1118 0441 00       		.byte	0
 1119 0442 00       		.byte	0
 1120 0443 00       		.byte	0
 1121 0444 00       		.byte	0
 1122 0445 00       		.byte	0
 1123 0446 00       		.byte	0
 1124 0447 00       		.byte	0
 1125 0448 00       		.byte	0
 1126 0449 00       		.byte	0
 1127 044a 00       		.byte	0
 1128 044b 00       		.byte	0
 1129 044c 00       		.byte	0
 1130 044d 00       		.byte	0
 1131 044e 00       		.byte	0
 1132 044f 00       		.byte	0
 1133 0450 00       		.byte	0
 1134 0451 00       		.byte	0
 1135 0452 00       		.byte	0
 1136 0453 00       		.byte	0
 1137 0454 00       		.byte	0
 1138 0455 00       		.byte	0
 1139 0456 04       		.byte	4
 1140 0457 00       		.byte	0
ARM GAS  C:\Users\Alex\AppData\Local\Temp\ccWs36ak.s 			page 21


 1141 0458 80       		.byte	-128
 1142 0459 00       		.byte	0
 1143 045a 40       		.byte	64
 1144 045b 80       		.byte	-128
 1145 045c 80       		.byte	-128
 1146 045d 00       		.byte	0
 1147 045e 80       		.byte	-128
 1148 045f 00       		.byte	0
 1149 0460 00       		.byte	0
 1150 0461 00       		.byte	0
 1151 0462 00       		.byte	0
 1152 0463 00       		.byte	0
 1153 0464 00       		.byte	0
 1154 0465 0B       		.byte	11
 1155 0466 0B       		.byte	11
 1156 0467 00       		.byte	0
 1157 0468 00       		.byte	0
 1158 0469 00       		.byte	0
 1159 046a 80       		.byte	-128
 1160 046b 00       		.byte	0
 1161 046c 00       		.byte	0
 1162 046d 06       		.byte	6
 1163 046e 06       		.byte	6
 1164 046f 00       		.byte	0
 1165 0470 04       		.byte	4
 1166 0471 00       		.byte	0
 1167 0472 00       		.byte	0
 1168 0473 00       		.byte	0
 1169              		.section	.cywolatch,"a",%progbits
 1170              		.align	2
 1171              		.type	cy_meta_wonvl, %object
 1172              		.size	cy_meta_wonvl, 4
 1173              	cy_meta_wonvl:
 1174 0000 BC       		.byte	-68
 1175 0001 90       		.byte	-112
 1176 0002 AC       		.byte	-84
 1177 0003 AF       		.byte	-81
 1178              		.section	.cycustnvl,"a",%progbits
 1179              		.align	2
 1180              		.type	cy_meta_custnvl, %object
 1181              		.size	cy_meta_custnvl, 4
 1182              	cy_meta_custnvl:
 1183 0000 00       		.byte	0
 1184 0001 00       		.byte	0
 1185 0002 40       		.byte	64
 1186 0003 05       		.byte	5
 1187              		.section	.cymeta,"a",%progbits
 1188              		.align	2
 1189              		.type	cy_metadata, %object
 1190              		.size	cy_metadata, 12
 1191              	cy_metadata:
 1192 0000 00       		.byte	0
 1193 0001 01       		.byte	1
 1194 0002 2E       		.byte	46
 1195 0003 16       		.byte	22
 1196 0004 10       		.byte	16
 1197 0005 69       		.byte	105
ARM GAS  C:\Users\Alex\AppData\Local\Temp\ccWs36ak.s 			page 22


 1198 0006 00       		.byte	0
 1199 0007 01       		.byte	1
 1200 0008 00       		.byte	0
 1201 0009 00       		.byte	0
 1202 000a 00       		.byte	0
 1203 000b 00       		.byte	0
 1204              		.section	.cyflashprotect,"a",%progbits
 1205              		.align	2
 1206              		.type	cy_meta_flashprotect, %object
 1207              		.size	cy_meta_flashprotect, 256
 1208              	cy_meta_flashprotect:
 1209 0000 00000000 		.space	256
 1209      00000000 
 1209      00000000 
 1209      00000000 
 1209      00000000 
 1210              		.text
 1211              	.Letext0:
 1212              		.file 1 "c:\\program files (x86)\\cypress\\psoc creator\\4.1\\psoc creator\\import\\gnu\\arm\\5.4.
 1213              		.file 2 "c:\\program files (x86)\\cypress\\psoc creator\\4.1\\psoc creator\\import\\gnu\\arm\\5.4.
 1214              		.file 3 "Generated_Source\\PSoC5\\cymetadata.c"
 1215              		.section	.debug_info,"",%progbits
 1216              	.Ldebug_info0:
 1217 0000 32010000 		.4byte	0x132
 1218 0004 0400     		.2byte	0x4
 1219 0006 00000000 		.4byte	.Ldebug_abbrev0
 1220 000a 04       		.byte	0x4
 1221 000b 01       		.uleb128 0x1
 1222 000c 24000000 		.4byte	.LASF17
 1223 0010 0C       		.byte	0xc
 1224 0011 DE010000 		.4byte	.LASF18
 1225 0015 D7000000 		.4byte	.LASF19
 1226 0019 00000000 		.4byte	.Ldebug_line0
 1227 001d 02       		.uleb128 0x2
 1228 001e 01       		.byte	0x1
 1229 001f 06       		.byte	0x6
 1230 0020 D2010000 		.4byte	.LASF0
 1231 0024 03       		.uleb128 0x3
 1232 0025 00000000 		.4byte	.LASF9
 1233 0029 01       		.byte	0x1
 1234 002a 1D       		.byte	0x1d
 1235 002b 2F000000 		.4byte	0x2f
 1236 002f 02       		.uleb128 0x2
 1237 0030 01       		.byte	0x1
 1238 0031 08       		.byte	0x8
 1239 0032 16000000 		.4byte	.LASF1
 1240 0036 02       		.uleb128 0x2
 1241 0037 02       		.byte	0x2
 1242 0038 05       		.byte	0x5
 1243 0039 BF010000 		.4byte	.LASF2
 1244 003d 02       		.uleb128 0x2
 1245 003e 02       		.byte	0x2
 1246 003f 07       		.byte	0x7
 1247 0040 C4000000 		.4byte	.LASF3
 1248 0044 02       		.uleb128 0x2
 1249 0045 04       		.byte	0x4
 1250 0046 05       		.byte	0x5
ARM GAS  C:\Users\Alex\AppData\Local\Temp\ccWs36ak.s 			page 23


 1251 0047 C9010000 		.4byte	.LASF4
 1252 004b 02       		.uleb128 0x2
 1253 004c 04       		.byte	0x4
 1254 004d 07       		.byte	0x7
 1255 004e B2000000 		.4byte	.LASF5
 1256 0052 02       		.uleb128 0x2
 1257 0053 08       		.byte	0x8
 1258 0054 05       		.byte	0x5
 1259 0055 B1010000 		.4byte	.LASF6
 1260 0059 02       		.uleb128 0x2
 1261 005a 08       		.byte	0x8
 1262 005b 07       		.byte	0x7
 1263 005c 66010000 		.4byte	.LASF7
 1264 0060 04       		.uleb128 0x4
 1265 0061 04       		.byte	0x4
 1266 0062 05       		.byte	0x5
 1267 0063 696E7400 		.ascii	"int\000"
 1268 0067 02       		.uleb128 0x2
 1269 0068 04       		.byte	0x4
 1270 0069 07       		.byte	0x7
 1271 006a 59010000 		.4byte	.LASF8
 1272 006e 03       		.uleb128 0x3
 1273 006f 7D010000 		.4byte	.LASF10
 1274 0073 02       		.byte	0x2
 1275 0074 18       		.byte	0x18
 1276 0075 24000000 		.4byte	0x24
 1277 0079 05       		.uleb128 0x5
 1278 007a 91000000 		.4byte	0x91
 1279 007e 8A000000 		.4byte	0x8a
 1280 0082 06       		.uleb128 0x6
 1281 0083 8A000000 		.4byte	0x8a
 1282 0087 7304     		.2byte	0x473
 1283 0089 00       		.byte	0
 1284 008a 02       		.uleb128 0x2
 1285 008b 04       		.byte	0x4
 1286 008c 07       		.byte	0x7
 1287 008d A8010000 		.4byte	.LASF11
 1288 0091 07       		.uleb128 0x7
 1289 0092 6E000000 		.4byte	0x6e
 1290 0096 08       		.uleb128 0x8
 1291 0097 47010000 		.4byte	.LASF12
 1292 009b 03       		.byte	0x3
 1293 009c 1F       		.byte	0x1f
 1294 009d A7000000 		.4byte	0xa7
 1295 00a1 05       		.uleb128 0x5
 1296 00a2 03       		.byte	0x3
 1297 00a3 00000000 		.4byte	cy_meta_configecc
 1298 00a7 07       		.uleb128 0x7
 1299 00a8 79000000 		.4byte	0x79
 1300 00ac 05       		.uleb128 0x5
 1301 00ad 91000000 		.4byte	0x91
 1302 00b1 BC000000 		.4byte	0xbc
 1303 00b5 09       		.uleb128 0x9
 1304 00b6 8A000000 		.4byte	0x8a
 1305 00ba 03       		.byte	0x3
 1306 00bb 00       		.byte	0
 1307 00bc 08       		.uleb128 0x8
ARM GAS  C:\Users\Alex\AppData\Local\Temp\ccWs36ak.s 			page 24


 1308 00bd 37010000 		.4byte	.LASF13
 1309 00c1 03       		.byte	0x3
 1310 00c2 BB       		.byte	0xbb
 1311 00c3 CD000000 		.4byte	0xcd
 1312 00c7 05       		.uleb128 0x5
 1313 00c8 03       		.byte	0x3
 1314 00c9 00000000 		.4byte	cy_meta_custnvl
 1315 00cd 07       		.uleb128 0x7
 1316 00ce AC000000 		.4byte	0xac
 1317 00d2 08       		.uleb128 0x8
 1318 00d3 9A010000 		.4byte	.LASF14
 1319 00d7 03       		.byte	0x3
 1320 00d8 C9       		.byte	0xc9
 1321 00d9 E3000000 		.4byte	0xe3
 1322 00dd 05       		.uleb128 0x5
 1323 00de 03       		.byte	0x3
 1324 00df 00000000 		.4byte	cy_meta_wonvl
 1325 00e3 07       		.uleb128 0x7
 1326 00e4 AC000000 		.4byte	0xac
 1327 00e8 05       		.uleb128 0x5
 1328 00e9 91000000 		.4byte	0x91
 1329 00ed F8000000 		.4byte	0xf8
 1330 00f1 09       		.uleb128 0x9
 1331 00f2 8A000000 		.4byte	0x8a
 1332 00f6 FF       		.byte	0xff
 1333 00f7 00       		.byte	0
 1334 00f8 08       		.uleb128 0x8
 1335 00f9 85010000 		.4byte	.LASF15
 1336 00fd 03       		.byte	0x3
 1337 00fe D7       		.byte	0xd7
 1338 00ff 09010000 		.4byte	0x109
 1339 0103 05       		.uleb128 0x5
 1340 0104 03       		.byte	0x3
 1341 0105 00000000 		.4byte	cy_meta_flashprotect
 1342 0109 07       		.uleb128 0x7
 1343 010a E8000000 		.4byte	0xe8
 1344 010e 05       		.uleb128 0x5
 1345 010f 91000000 		.4byte	0x91
 1346 0113 1E010000 		.4byte	0x11e
 1347 0117 09       		.uleb128 0x9
 1348 0118 8A000000 		.4byte	0x8a
 1349 011c 0B       		.byte	0xb
 1350 011d 00       		.byte	0
 1351 011e 0A       		.uleb128 0xa
 1352 011f 0A000000 		.4byte	.LASF16
 1353 0123 03       		.byte	0x3
 1354 0124 0401     		.2byte	0x104
 1355 0126 30010000 		.4byte	0x130
 1356 012a 05       		.uleb128 0x5
 1357 012b 03       		.byte	0x3
 1358 012c 00000000 		.4byte	cy_metadata
 1359 0130 07       		.uleb128 0x7
 1360 0131 0E010000 		.4byte	0x10e
 1361 0135 00       		.byte	0
 1362              		.section	.debug_abbrev,"",%progbits
 1363              	.Ldebug_abbrev0:
 1364 0000 01       		.uleb128 0x1
ARM GAS  C:\Users\Alex\AppData\Local\Temp\ccWs36ak.s 			page 25


 1365 0001 11       		.uleb128 0x11
 1366 0002 01       		.byte	0x1
 1367 0003 25       		.uleb128 0x25
 1368 0004 0E       		.uleb128 0xe
 1369 0005 13       		.uleb128 0x13
 1370 0006 0B       		.uleb128 0xb
 1371 0007 03       		.uleb128 0x3
 1372 0008 0E       		.uleb128 0xe
 1373 0009 1B       		.uleb128 0x1b
 1374 000a 0E       		.uleb128 0xe
 1375 000b 10       		.uleb128 0x10
 1376 000c 17       		.uleb128 0x17
 1377 000d 00       		.byte	0
 1378 000e 00       		.byte	0
 1379 000f 02       		.uleb128 0x2
 1380 0010 24       		.uleb128 0x24
 1381 0011 00       		.byte	0
 1382 0012 0B       		.uleb128 0xb
 1383 0013 0B       		.uleb128 0xb
 1384 0014 3E       		.uleb128 0x3e
 1385 0015 0B       		.uleb128 0xb
 1386 0016 03       		.uleb128 0x3
 1387 0017 0E       		.uleb128 0xe
 1388 0018 00       		.byte	0
 1389 0019 00       		.byte	0
 1390 001a 03       		.uleb128 0x3
 1391 001b 16       		.uleb128 0x16
 1392 001c 00       		.byte	0
 1393 001d 03       		.uleb128 0x3
 1394 001e 0E       		.uleb128 0xe
 1395 001f 3A       		.uleb128 0x3a
 1396 0020 0B       		.uleb128 0xb
 1397 0021 3B       		.uleb128 0x3b
 1398 0022 0B       		.uleb128 0xb
 1399 0023 49       		.uleb128 0x49
 1400 0024 13       		.uleb128 0x13
 1401 0025 00       		.byte	0
 1402 0026 00       		.byte	0
 1403 0027 04       		.uleb128 0x4
 1404 0028 24       		.uleb128 0x24
 1405 0029 00       		.byte	0
 1406 002a 0B       		.uleb128 0xb
 1407 002b 0B       		.uleb128 0xb
 1408 002c 3E       		.uleb128 0x3e
 1409 002d 0B       		.uleb128 0xb
 1410 002e 03       		.uleb128 0x3
 1411 002f 08       		.uleb128 0x8
 1412 0030 00       		.byte	0
 1413 0031 00       		.byte	0
 1414 0032 05       		.uleb128 0x5
 1415 0033 01       		.uleb128 0x1
 1416 0034 01       		.byte	0x1
 1417 0035 49       		.uleb128 0x49
 1418 0036 13       		.uleb128 0x13
 1419 0037 01       		.uleb128 0x1
 1420 0038 13       		.uleb128 0x13
 1421 0039 00       		.byte	0
ARM GAS  C:\Users\Alex\AppData\Local\Temp\ccWs36ak.s 			page 26


 1422 003a 00       		.byte	0
 1423 003b 06       		.uleb128 0x6
 1424 003c 21       		.uleb128 0x21
 1425 003d 00       		.byte	0
 1426 003e 49       		.uleb128 0x49
 1427 003f 13       		.uleb128 0x13
 1428 0040 2F       		.uleb128 0x2f
 1429 0041 05       		.uleb128 0x5
 1430 0042 00       		.byte	0
 1431 0043 00       		.byte	0
 1432 0044 07       		.uleb128 0x7
 1433 0045 26       		.uleb128 0x26
 1434 0046 00       		.byte	0
 1435 0047 49       		.uleb128 0x49
 1436 0048 13       		.uleb128 0x13
 1437 0049 00       		.byte	0
 1438 004a 00       		.byte	0
 1439 004b 08       		.uleb128 0x8
 1440 004c 34       		.uleb128 0x34
 1441 004d 00       		.byte	0
 1442 004e 03       		.uleb128 0x3
 1443 004f 0E       		.uleb128 0xe
 1444 0050 3A       		.uleb128 0x3a
 1445 0051 0B       		.uleb128 0xb
 1446 0052 3B       		.uleb128 0x3b
 1447 0053 0B       		.uleb128 0xb
 1448 0054 49       		.uleb128 0x49
 1449 0055 13       		.uleb128 0x13
 1450 0056 3F       		.uleb128 0x3f
 1451 0057 19       		.uleb128 0x19
 1452 0058 02       		.uleb128 0x2
 1453 0059 18       		.uleb128 0x18
 1454 005a 00       		.byte	0
 1455 005b 00       		.byte	0
 1456 005c 09       		.uleb128 0x9
 1457 005d 21       		.uleb128 0x21
 1458 005e 00       		.byte	0
 1459 005f 49       		.uleb128 0x49
 1460 0060 13       		.uleb128 0x13
 1461 0061 2F       		.uleb128 0x2f
 1462 0062 0B       		.uleb128 0xb
 1463 0063 00       		.byte	0
 1464 0064 00       		.byte	0
 1465 0065 0A       		.uleb128 0xa
 1466 0066 34       		.uleb128 0x34
 1467 0067 00       		.byte	0
 1468 0068 03       		.uleb128 0x3
 1469 0069 0E       		.uleb128 0xe
 1470 006a 3A       		.uleb128 0x3a
 1471 006b 0B       		.uleb128 0xb
 1472 006c 3B       		.uleb128 0x3b
 1473 006d 05       		.uleb128 0x5
 1474 006e 49       		.uleb128 0x49
 1475 006f 13       		.uleb128 0x13
 1476 0070 3F       		.uleb128 0x3f
 1477 0071 19       		.uleb128 0x19
 1478 0072 02       		.uleb128 0x2
ARM GAS  C:\Users\Alex\AppData\Local\Temp\ccWs36ak.s 			page 27


 1479 0073 18       		.uleb128 0x18
 1480 0074 00       		.byte	0
 1481 0075 00       		.byte	0
 1482 0076 00       		.byte	0
 1483              		.section	.debug_aranges,"",%progbits
 1484 0000 14000000 		.4byte	0x14
 1485 0004 0200     		.2byte	0x2
 1486 0006 00000000 		.4byte	.Ldebug_info0
 1487 000a 04       		.byte	0x4
 1488 000b 00       		.byte	0
 1489 000c 0000     		.2byte	0
 1490 000e 0000     		.2byte	0
 1491 0010 00000000 		.4byte	0
 1492 0014 00000000 		.4byte	0
 1493              		.section	.debug_line,"",%progbits
 1494              	.Ldebug_line0:
 1495 0000 3D010000 		.section	.debug_str,"MS",%progbits,1
 1495      02003701 
 1495      00000201 
 1495      FB0E0D00 
 1495      01010101 
 1496              	.LASF9:
 1497 0000 5F5F7569 		.ascii	"__uint8_t\000"
 1497      6E74385F 
 1497      7400
 1498              	.LASF16:
 1499 000a 63795F6D 		.ascii	"cy_metadata\000"
 1499      65746164 
 1499      61746100 
 1500              	.LASF1:
 1501 0016 756E7369 		.ascii	"unsigned char\000"
 1501      676E6564 
 1501      20636861 
 1501      7200
 1502              	.LASF17:
 1503 0024 474E5520 		.ascii	"GNU C11 5.4.1 20160609 (release) [ARM/embedded-5-br"
 1503      43313120 
 1503      352E342E 
 1503      31203230 
 1503      31363036 
 1504 0057 616E6368 		.ascii	"anch revision 237715] -mcpu=cortex-m3 -mthumb -g -O"
 1504      20726576 
 1504      6973696F 
 1504      6E203233 
 1504      37373135 
 1505 008a 67202D66 		.ascii	"g -ffunction-sections -ffat-lto-objects\000"
 1505      66756E63 
 1505      74696F6E 
 1505      2D736563 
 1505      74696F6E 
 1506              	.LASF5:
 1507 00b2 6C6F6E67 		.ascii	"long unsigned int\000"
 1507      20756E73 
 1507      69676E65 
 1507      6420696E 
 1507      7400
 1508              	.LASF3:
ARM GAS  C:\Users\Alex\AppData\Local\Temp\ccWs36ak.s 			page 28


 1509 00c4 73686F72 		.ascii	"short unsigned int\000"
 1509      7420756E 
 1509      7369676E 
 1509      65642069 
 1509      6E7400
 1510              	.LASF19:
 1511 00d7 503A5C43 		.ascii	"P:\\Cypress_Tutorials_Working_Directory\\MCU101_Cyp"
 1511      79707265 
 1511      73735F54 
 1511      75746F72 
 1511      69616C73 
 1512 0108 72657373 		.ascii	"ress_PSOC5_Labs\\Lessons\\Overview_Lecture.cydsn\000"
 1512      5F50534F 
 1512      43355F4C 
 1512      6162735C 
 1512      4C657373 
 1513              	.LASF13:
 1514 0137 63795F6D 		.ascii	"cy_meta_custnvl\000"
 1514      6574615F 
 1514      63757374 
 1514      6E766C00 
 1515              	.LASF12:
 1516 0147 63795F6D 		.ascii	"cy_meta_configecc\000"
 1516      6574615F 
 1516      636F6E66 
 1516      69676563 
 1516      6300
 1517              	.LASF8:
 1518 0159 756E7369 		.ascii	"unsigned int\000"
 1518      676E6564 
 1518      20696E74 
 1518      00
 1519              	.LASF7:
 1520 0166 6C6F6E67 		.ascii	"long long unsigned int\000"
 1520      206C6F6E 
 1520      6720756E 
 1520      7369676E 
 1520      65642069 
 1521              	.LASF10:
 1522 017d 75696E74 		.ascii	"uint8_t\000"
 1522      385F7400 
 1523              	.LASF15:
 1524 0185 63795F6D 		.ascii	"cy_meta_flashprotect\000"
 1524      6574615F 
 1524      666C6173 
 1524      6870726F 
 1524      74656374 
 1525              	.LASF14:
 1526 019a 63795F6D 		.ascii	"cy_meta_wonvl\000"
 1526      6574615F 
 1526      776F6E76 
 1526      6C00
 1527              	.LASF11:
 1528 01a8 73697A65 		.ascii	"sizetype\000"
 1528      74797065 
 1528      00
 1529              	.LASF6:
ARM GAS  C:\Users\Alex\AppData\Local\Temp\ccWs36ak.s 			page 29


 1530 01b1 6C6F6E67 		.ascii	"long long int\000"
 1530      206C6F6E 
 1530      6720696E 
 1530      7400
 1531              	.LASF2:
 1532 01bf 73686F72 		.ascii	"short int\000"
 1532      7420696E 
 1532      7400
 1533              	.LASF4:
 1534 01c9 6C6F6E67 		.ascii	"long int\000"
 1534      20696E74 
 1534      00
 1535              	.LASF0:
 1536 01d2 7369676E 		.ascii	"signed char\000"
 1536      65642063 
 1536      68617200 
 1537              	.LASF18:
 1538 01de 47656E65 		.ascii	"Generated_Source\\PSoC5\\cymetadata.c\000"
 1538      72617465 
 1538      645F536F 
 1538      75726365 
 1538      5C50536F 
 1539              		.ident	"GCC: (GNU Tools for ARM Embedded Processors) 5.4.1 20160609 (release) [ARM/embedded-5-bran
