ARM GAS  C:\Users\Alex\AppData\Local\Temp\cc0q6j51.s 			page 1


   1              		.syntax unified
   2              		.cpu cortex-m3
   3              		.fpu softvfp
   4              		.eabi_attribute 20, 1
   5              		.eabi_attribute 21, 1
   6              		.eabi_attribute 23, 3
   7              		.eabi_attribute 24, 1
   8              		.eabi_attribute 25, 1
   9              		.eabi_attribute 26, 1
  10              		.eabi_attribute 30, 1
  11              		.eabi_attribute 34, 1
  12              		.eabi_attribute 18, 4
  13              		.thumb
  14              		.syntax unified
  15              		.file	"main.c"
  16              		.text
  17              	.Ltext0:
  18              		.cfi_sections	.debug_frame
  19              		.section	.text.main,"ax",%progbits
  20              		.align	2
  21              		.global	main
  22              		.thumb
  23              		.thumb_func
  24              		.type	main, %function
  25              	main:
  26              	.LFB63:
  27              		.file 1 "main.c"
   1:main.c        **** /* ========================================
   2:main.c        ****  *
   3:main.c        ****  * Copyright YOUR COMPANY, THE YEAR
   4:main.c        ****  * All Rights Reserved
   5:main.c        ****  * UNPUBLISHED, LICENSED SOFTWARE.
   6:main.c        ****  *
   7:main.c        ****  * CONFIDENTIAL AND PROPRIETARY INFORMATION
   8:main.c        ****  * WHICH IS THE PROPERTY OF your company.
   9:main.c        ****  *
  10:main.c        ****  * ========================================
  11:main.c        **** */
  12:main.c        **** #include "project.h"
  13:main.c        **** 
  14:main.c        **** int main(void)
  15:main.c        **** {
  28              		.loc 1 15 0
  29              		.cfi_startproc
  30              		@ Volatile: function does not return.
  31              		@ args = 0, pretend = 0, frame = 0
  32              		@ frame_needed = 0, uses_anonymous_args = 0
  33 0000 08B5     		push	{r3, lr}
  34              		.cfi_def_cfa_offset 8
  35              		.cfi_offset 3, -8
  36              		.cfi_offset 14, -4
  16:main.c        ****     CyGlobalIntEnable; /* Enable global interrupts. */
  37              		.loc 1 16 0
  38              		.syntax unified
  39              	@ 16 "main.c" 1
  40 0002 62B6     		CPSIE   i
  41              	@ 0 "" 2
ARM GAS  C:\Users\Alex\AppData\Local\Temp\cc0q6j51.s 			page 2


  17:main.c        **** 
  18:main.c        ****     /* Place your initialization/startup code here (e.g. MyInst_Start()) */
  19:main.c        ****     Blue_LED_Write(0);
  42              		.loc 1 19 0
  43              		.thumb
  44              		.syntax unified
  45 0004 0020     		movs	r0, #0
  46 0006 FFF7FEFF 		bl	Blue_LED_Write
  47              	.LVL0:
  20:main.c        ****     Servo_Controller_Start();
  48              		.loc 1 20 0
  49 000a FFF7FEFF 		bl	Servo_Controller_Start
  50              	.LVL1:
  21:main.c        ****     UART_1_Start();
  51              		.loc 1 21 0
  52 000e FFF7FEFF 		bl	UART_1_Start
  53              	.LVL2:
  22:main.c        ****     ADC_SAR_1_Start();
  54              		.loc 1 22 0
  55 0012 FFF7FEFF 		bl	ADC_SAR_1_Start
  56              	.LVL3:
  23:main.c        ****     ADC_SAR_1_StartConvert();
  57              		.loc 1 23 0
  58 0016 FFF7FEFF 		bl	ADC_SAR_1_StartConvert
  59              	.LVL4:
  60              	.L2:
  24:main.c        ****    
  25:main.c        **** 
  26:main.c        ****     for(;;) //REPEAT FOREVER
  27:main.c        ****     {
  28:main.c        ****         /* Place your application code here. */
  29:main.c        **** //        if(ADC_SAR_1_GetResult16() < 2048 )  //if the light sensor is below some limit
  30:main.c        **** //        {
  31:main.c        **** //            Blue_LED_Write(1);  //Turn the Blue LED ON
  32:main.c        **** //        }
  33:main.c        **** //        else
  34:main.c        **** //        {
  35:main.c        **** //            Blue_LED_Write(0);//Turn the Blue LED OFF
  36:main.c        **** //        }
  37:main.c        ****         
  38:main.c        ****         
  39:main.c        ****         
  40:main.c        ****         Blue_LED_Write(1);  //Turn the Blue LED ON
  61              		.loc 1 40 0 discriminator 1
  62 001a 0120     		movs	r0, #1
  63 001c FFF7FEFF 		bl	Blue_LED_Write
  64              	.LVL5:
  41:main.c        ****         Servo_Controller_WriteCompare1(5);  //set PWM to go high for 5% of time
  65              		.loc 1 41 0 discriminator 1
  66 0020 0520     		movs	r0, #5
  67 0022 FFF7FEFF 		bl	Servo_Controller_WriteCompare1
  68              	.LVL6:
  42:main.c        ****         UART_1_PutString("Rotate this way\n\r");
  69              		.loc 1 42 0 discriminator 1
  70 0026 0A48     		ldr	r0, .L4
  71 0028 FFF7FEFF 		bl	UART_1_PutString
  72              	.LVL7:
ARM GAS  C:\Users\Alex\AppData\Local\Temp\cc0q6j51.s 			page 3


  43:main.c        ****         CyDelay(1000);  //wait for 1s
  73              		.loc 1 43 0 discriminator 1
  74 002c 4FF47A70 		mov	r0, #1000
  75 0030 FFF7FEFF 		bl	CyDelay
  76              	.LVL8:
  44:main.c        ****         
  45:main.c        ****         Blue_LED_Write(0);//Turn the Blue LED OFF
  77              		.loc 1 45 0 discriminator 1
  78 0034 0020     		movs	r0, #0
  79 0036 FFF7FEFF 		bl	Blue_LED_Write
  80              	.LVL9:
  46:main.c        ****         Servo_Controller_WriteCompare1(10); //set PWM to go high for 10% of time
  81              		.loc 1 46 0 discriminator 1
  82 003a 0A20     		movs	r0, #10
  83 003c FFF7FEFF 		bl	Servo_Controller_WriteCompare1
  84              	.LVL10:
  47:main.c        ****         UART_1_PutString("Rotate that way\n\r");
  85              		.loc 1 47 0 discriminator 1
  86 0040 0448     		ldr	r0, .L4+4
  87 0042 FFF7FEFF 		bl	UART_1_PutString
  88              	.LVL11:
  48:main.c        ****         CyDelay(1000);//wait for 1s
  89              		.loc 1 48 0 discriminator 1
  90 0046 4FF47A70 		mov	r0, #1000
  91 004a FFF7FEFF 		bl	CyDelay
  92              	.LVL12:
  93 004e E4E7     		b	.L2
  94              	.L5:
  95              		.align	2
  96              	.L4:
  97 0050 00000000 		.word	.LC0
  98 0054 14000000 		.word	.LC1
  99              		.cfi_endproc
 100              	.LFE63:
 101              		.size	main, .-main
 102              		.section	.rodata.str1.4,"aMS",%progbits,1
 103              		.align	2
 104              	.LC0:
 105 0000 526F7461 		.ascii	"Rotate this way\012\015\000"
 105      74652074 
 105      68697320 
 105      7761790A 
 105      0D00
 106 0012 0000     		.space	2
 107              	.LC1:
 108 0014 526F7461 		.ascii	"Rotate that way\012\015\000"
 108      74652074 
 108      68617420 
 108      7761790A 
 108      0D00
 109              		.text
 110              	.Letext0:
 111              		.file 2 "c:\\program files (x86)\\cypress\\psoc creator\\4.1\\psoc creator\\import\\gnu\\arm\\5.4.
 112              		.file 3 "c:\\program files (x86)\\cypress\\psoc creator\\4.1\\psoc creator\\import\\gnu\\arm\\5.4.
 113              		.file 4 "Generated_Source\\PSoC5/Blue_LED.h"
 114              		.file 5 "Generated_Source\\PSoC5/Servo_Controller.h"
 115              		.file 6 "Generated_Source\\PSoC5/UART_1.h"
ARM GAS  C:\Users\Alex\AppData\Local\Temp\cc0q6j51.s 			page 4


 116              		.file 7 "Generated_Source\\PSoC5/ADC_SAR_1.h"
 117              		.file 8 "Generated_Source\\PSoC5/CyLib.h"
 118              		.file 9 "Generated_Source\\PSoC5/core_cm3.h"
 119              		.section	.debug_info,"",%progbits
 120              	.Ldebug_info0:
 121 0000 FB010000 		.4byte	0x1fb
 122 0004 0400     		.2byte	0x4
 123 0006 00000000 		.4byte	.Ldebug_abbrev0
 124 000a 04       		.byte	0x4
 125 000b 01       		.uleb128 0x1
 126 000c 9A000000 		.4byte	.LASF24
 127 0010 0C       		.byte	0xc
 128 0011 2E000000 		.4byte	.LASF25
 129 0015 35000000 		.4byte	.LASF26
 130 0019 00000000 		.4byte	.Ldebug_ranges0+0
 131 001d 00000000 		.4byte	0
 132 0021 00000000 		.4byte	.Ldebug_line0
 133 0025 02       		.uleb128 0x2
 134 0026 01       		.byte	0x1
 135 0027 06       		.byte	0x6
 136 0028 DD010000 		.4byte	.LASF0
 137 002c 02       		.uleb128 0x2
 138 002d 01       		.byte	0x1
 139 002e 08       		.byte	0x8
 140 002f 8E010000 		.4byte	.LASF1
 141 0033 02       		.uleb128 0x2
 142 0034 02       		.byte	0x2
 143 0035 05       		.byte	0x5
 144 0036 14020000 		.4byte	.LASF2
 145 003a 02       		.uleb128 0x2
 146 003b 02       		.byte	0x2
 147 003c 07       		.byte	0x7
 148 003d 0E000000 		.4byte	.LASF3
 149 0041 03       		.uleb128 0x3
 150 0042 F5010000 		.4byte	.LASF9
 151 0046 02       		.byte	0x2
 152 0047 3F       		.byte	0x3f
 153 0048 4C000000 		.4byte	0x4c
 154 004c 02       		.uleb128 0x2
 155 004d 04       		.byte	0x4
 156 004e 05       		.byte	0x5
 157 004f A1010000 		.4byte	.LASF4
 158 0053 02       		.uleb128 0x2
 159 0054 04       		.byte	0x4
 160 0055 07       		.byte	0x7
 161 0056 30010000 		.4byte	.LASF5
 162 005a 02       		.uleb128 0x2
 163 005b 08       		.byte	0x8
 164 005c 05       		.byte	0x5
 165 005d 00000000 		.4byte	.LASF6
 166 0061 02       		.uleb128 0x2
 167 0062 08       		.byte	0x8
 168 0063 07       		.byte	0x7
 169 0064 42010000 		.4byte	.LASF7
 170 0068 04       		.uleb128 0x4
 171 0069 04       		.byte	0x4
 172 006a 05       		.byte	0x5
ARM GAS  C:\Users\Alex\AppData\Local\Temp\cc0q6j51.s 			page 5


 173 006b 696E7400 		.ascii	"int\000"
 174 006f 02       		.uleb128 0x2
 175 0070 04       		.byte	0x4
 176 0071 07       		.byte	0x7
 177 0072 21000000 		.4byte	.LASF8
 178 0076 03       		.uleb128 0x3
 179 0077 35020000 		.4byte	.LASF10
 180 007b 03       		.byte	0x3
 181 007c 2C       		.byte	0x2c
 182 007d 41000000 		.4byte	0x41
 183 0081 02       		.uleb128 0x2
 184 0082 04       		.byte	0x4
 185 0083 04       		.byte	0x4
 186 0084 0E020000 		.4byte	.LASF11
 187 0088 02       		.uleb128 0x2
 188 0089 08       		.byte	0x8
 189 008a 04       		.byte	0x4
 190 008b AA010000 		.4byte	.LASF12
 191 008f 02       		.uleb128 0x2
 192 0090 01       		.byte	0x1
 193 0091 08       		.byte	0x8
 194 0092 9C010000 		.4byte	.LASF13
 195 0096 02       		.uleb128 0x2
 196 0097 08       		.byte	0x8
 197 0098 04       		.byte	0x4
 198 0099 E9010000 		.4byte	.LASF14
 199 009d 02       		.uleb128 0x2
 200 009e 04       		.byte	0x4
 201 009f 07       		.byte	0x7
 202 00a0 4D020000 		.4byte	.LASF15
 203 00a4 05       		.uleb128 0x5
 204 00a5 95000000 		.4byte	.LASF27
 205 00a9 01       		.byte	0x1
 206 00aa 0E       		.byte	0xe
 207 00ab 68000000 		.4byte	0x68
 208 00af 00000000 		.4byte	.LFB63
 209 00b3 58000000 		.4byte	.LFE63-.LFB63
 210 00b7 01       		.uleb128 0x1
 211 00b8 9C       		.byte	0x9c
 212 00b9 95010000 		.4byte	0x195
 213 00bd 06       		.uleb128 0x6
 214 00be 0A000000 		.4byte	.LVL0
 215 00c2 A6010000 		.4byte	0x1a6
 216 00c6 D0000000 		.4byte	0xd0
 217 00ca 07       		.uleb128 0x7
 218 00cb 01       		.uleb128 0x1
 219 00cc 50       		.byte	0x50
 220 00cd 01       		.uleb128 0x1
 221 00ce 30       		.byte	0x30
 222 00cf 00       		.byte	0
 223 00d0 08       		.uleb128 0x8
 224 00d1 0E000000 		.4byte	.LVL1
 225 00d5 B1010000 		.4byte	0x1b1
 226 00d9 08       		.uleb128 0x8
 227 00da 12000000 		.4byte	.LVL2
 228 00de BC010000 		.4byte	0x1bc
 229 00e2 08       		.uleb128 0x8
ARM GAS  C:\Users\Alex\AppData\Local\Temp\cc0q6j51.s 			page 6


 230 00e3 16000000 		.4byte	.LVL3
 231 00e7 C7010000 		.4byte	0x1c7
 232 00eb 08       		.uleb128 0x8
 233 00ec 1A000000 		.4byte	.LVL4
 234 00f0 D2010000 		.4byte	0x1d2
 235 00f4 06       		.uleb128 0x6
 236 00f5 20000000 		.4byte	.LVL5
 237 00f9 A6010000 		.4byte	0x1a6
 238 00fd 07010000 		.4byte	0x107
 239 0101 07       		.uleb128 0x7
 240 0102 01       		.uleb128 0x1
 241 0103 50       		.byte	0x50
 242 0104 01       		.uleb128 0x1
 243 0105 31       		.byte	0x31
 244 0106 00       		.byte	0
 245 0107 06       		.uleb128 0x6
 246 0108 26000000 		.4byte	.LVL6
 247 010c DD010000 		.4byte	0x1dd
 248 0110 1A010000 		.4byte	0x11a
 249 0114 07       		.uleb128 0x7
 250 0115 01       		.uleb128 0x1
 251 0116 50       		.byte	0x50
 252 0117 01       		.uleb128 0x1
 253 0118 35       		.byte	0x35
 254 0119 00       		.byte	0
 255 011a 06       		.uleb128 0x6
 256 011b 2C000000 		.4byte	.LVL7
 257 011f E8010000 		.4byte	0x1e8
 258 0123 31010000 		.4byte	0x131
 259 0127 07       		.uleb128 0x7
 260 0128 01       		.uleb128 0x1
 261 0129 50       		.byte	0x50
 262 012a 05       		.uleb128 0x5
 263 012b 03       		.byte	0x3
 264 012c 00000000 		.4byte	.LC0
 265 0130 00       		.byte	0
 266 0131 06       		.uleb128 0x6
 267 0132 34000000 		.4byte	.LVL8
 268 0136 F3010000 		.4byte	0x1f3
 269 013a 46010000 		.4byte	0x146
 270 013e 07       		.uleb128 0x7
 271 013f 01       		.uleb128 0x1
 272 0140 50       		.byte	0x50
 273 0141 03       		.uleb128 0x3
 274 0142 0A       		.byte	0xa
 275 0143 E803     		.2byte	0x3e8
 276 0145 00       		.byte	0
 277 0146 06       		.uleb128 0x6
 278 0147 3A000000 		.4byte	.LVL9
 279 014b A6010000 		.4byte	0x1a6
 280 014f 59010000 		.4byte	0x159
 281 0153 07       		.uleb128 0x7
 282 0154 01       		.uleb128 0x1
 283 0155 50       		.byte	0x50
 284 0156 01       		.uleb128 0x1
 285 0157 30       		.byte	0x30
 286 0158 00       		.byte	0
ARM GAS  C:\Users\Alex\AppData\Local\Temp\cc0q6j51.s 			page 7


 287 0159 06       		.uleb128 0x6
 288 015a 40000000 		.4byte	.LVL10
 289 015e DD010000 		.4byte	0x1dd
 290 0162 6C010000 		.4byte	0x16c
 291 0166 07       		.uleb128 0x7
 292 0167 01       		.uleb128 0x1
 293 0168 50       		.byte	0x50
 294 0169 01       		.uleb128 0x1
 295 016a 3A       		.byte	0x3a
 296 016b 00       		.byte	0
 297 016c 06       		.uleb128 0x6
 298 016d 46000000 		.4byte	.LVL11
 299 0171 E8010000 		.4byte	0x1e8
 300 0175 83010000 		.4byte	0x183
 301 0179 07       		.uleb128 0x7
 302 017a 01       		.uleb128 0x1
 303 017b 50       		.byte	0x50
 304 017c 05       		.uleb128 0x5
 305 017d 03       		.byte	0x3
 306 017e 14000000 		.4byte	.LC1
 307 0182 00       		.byte	0
 308 0183 09       		.uleb128 0x9
 309 0184 4E000000 		.4byte	.LVL12
 310 0188 F3010000 		.4byte	0x1f3
 311 018c 07       		.uleb128 0x7
 312 018d 01       		.uleb128 0x1
 313 018e 50       		.byte	0x50
 314 018f 03       		.uleb128 0x3
 315 0190 0A       		.byte	0xa
 316 0191 E803     		.2byte	0x3e8
 317 0193 00       		.byte	0
 318 0194 00       		.byte	0
 319 0195 0A       		.uleb128 0xa
 320 0196 D0010000 		.4byte	.LASF28
 321 019a 09       		.byte	0x9
 322 019b 1207     		.2byte	0x712
 323 019d A1010000 		.4byte	0x1a1
 324 01a1 0B       		.uleb128 0xb
 325 01a2 76000000 		.4byte	0x76
 326 01a6 0C       		.uleb128 0xc
 327 01a7 FF010000 		.4byte	.LASF16
 328 01ab FF010000 		.4byte	.LASF16
 329 01af 04       		.byte	0x4
 330 01b0 26       		.byte	0x26
 331 01b1 0C       		.uleb128 0xc
 332 01b2 1E020000 		.4byte	.LASF17
 333 01b6 1E020000 		.4byte	.LASF17
 334 01ba 05       		.byte	0x5
 335 01bb 92       		.byte	0x92
 336 01bc 0C       		.uleb128 0xc
 337 01bd 81010000 		.4byte	.LASF18
 338 01c1 81010000 		.4byte	.LASF18
 339 01c5 06       		.byte	0x6
 340 01c6 54       		.byte	0x54
 341 01c7 0C       		.uleb128 0xc
 342 01c8 3D020000 		.4byte	.LASF19
 343 01cc 3D020000 		.4byte	.LASF19
ARM GAS  C:\Users\Alex\AppData\Local\Temp\cc0q6j51.s 			page 8


 344 01d0 07       		.byte	0x7
 345 01d1 34       		.byte	0x34
 346 01d2 0C       		.uleb128 0xc
 347 01d3 59010000 		.4byte	.LASF20
 348 01d7 59010000 		.4byte	.LASF20
 349 01db 07       		.byte	0x7
 350 01dc D1       		.byte	0xd1
 351 01dd 0C       		.uleb128 0xc
 352 01de B1010000 		.4byte	.LASF21
 353 01e2 B1010000 		.4byte	.LASF21
 354 01e6 05       		.byte	0x5
 355 01e7 C7       		.byte	0xc7
 356 01e8 0C       		.uleb128 0xc
 357 01e9 70010000 		.4byte	.LASF22
 358 01ed 70010000 		.4byte	.LASF22
 359 01f1 06       		.byte	0x6
 360 01f2 8B       		.byte	0x8b
 361 01f3 0C       		.uleb128 0xc
 362 01f4 28010000 		.4byte	.LASF23
 363 01f8 28010000 		.4byte	.LASF23
 364 01fc 08       		.byte	0x8
 365 01fd 76       		.byte	0x76
 366 01fe 00       		.byte	0
 367              		.section	.debug_abbrev,"",%progbits
 368              	.Ldebug_abbrev0:
 369 0000 01       		.uleb128 0x1
 370 0001 11       		.uleb128 0x11
 371 0002 01       		.byte	0x1
 372 0003 25       		.uleb128 0x25
 373 0004 0E       		.uleb128 0xe
 374 0005 13       		.uleb128 0x13
 375 0006 0B       		.uleb128 0xb
 376 0007 03       		.uleb128 0x3
 377 0008 0E       		.uleb128 0xe
 378 0009 1B       		.uleb128 0x1b
 379 000a 0E       		.uleb128 0xe
 380 000b 55       		.uleb128 0x55
 381 000c 17       		.uleb128 0x17
 382 000d 11       		.uleb128 0x11
 383 000e 01       		.uleb128 0x1
 384 000f 10       		.uleb128 0x10
 385 0010 17       		.uleb128 0x17
 386 0011 00       		.byte	0
 387 0012 00       		.byte	0
 388 0013 02       		.uleb128 0x2
 389 0014 24       		.uleb128 0x24
 390 0015 00       		.byte	0
 391 0016 0B       		.uleb128 0xb
 392 0017 0B       		.uleb128 0xb
 393 0018 3E       		.uleb128 0x3e
 394 0019 0B       		.uleb128 0xb
 395 001a 03       		.uleb128 0x3
 396 001b 0E       		.uleb128 0xe
 397 001c 00       		.byte	0
 398 001d 00       		.byte	0
 399 001e 03       		.uleb128 0x3
 400 001f 16       		.uleb128 0x16
ARM GAS  C:\Users\Alex\AppData\Local\Temp\cc0q6j51.s 			page 9


 401 0020 00       		.byte	0
 402 0021 03       		.uleb128 0x3
 403 0022 0E       		.uleb128 0xe
 404 0023 3A       		.uleb128 0x3a
 405 0024 0B       		.uleb128 0xb
 406 0025 3B       		.uleb128 0x3b
 407 0026 0B       		.uleb128 0xb
 408 0027 49       		.uleb128 0x49
 409 0028 13       		.uleb128 0x13
 410 0029 00       		.byte	0
 411 002a 00       		.byte	0
 412 002b 04       		.uleb128 0x4
 413 002c 24       		.uleb128 0x24
 414 002d 00       		.byte	0
 415 002e 0B       		.uleb128 0xb
 416 002f 0B       		.uleb128 0xb
 417 0030 3E       		.uleb128 0x3e
 418 0031 0B       		.uleb128 0xb
 419 0032 03       		.uleb128 0x3
 420 0033 08       		.uleb128 0x8
 421 0034 00       		.byte	0
 422 0035 00       		.byte	0
 423 0036 05       		.uleb128 0x5
 424 0037 2E       		.uleb128 0x2e
 425 0038 01       		.byte	0x1
 426 0039 3F       		.uleb128 0x3f
 427 003a 19       		.uleb128 0x19
 428 003b 03       		.uleb128 0x3
 429 003c 0E       		.uleb128 0xe
 430 003d 3A       		.uleb128 0x3a
 431 003e 0B       		.uleb128 0xb
 432 003f 3B       		.uleb128 0x3b
 433 0040 0B       		.uleb128 0xb
 434 0041 27       		.uleb128 0x27
 435 0042 19       		.uleb128 0x19
 436 0043 49       		.uleb128 0x49
 437 0044 13       		.uleb128 0x13
 438 0045 8701     		.uleb128 0x87
 439 0047 19       		.uleb128 0x19
 440 0048 11       		.uleb128 0x11
 441 0049 01       		.uleb128 0x1
 442 004a 12       		.uleb128 0x12
 443 004b 06       		.uleb128 0x6
 444 004c 40       		.uleb128 0x40
 445 004d 18       		.uleb128 0x18
 446 004e 9742     		.uleb128 0x2117
 447 0050 19       		.uleb128 0x19
 448 0051 01       		.uleb128 0x1
 449 0052 13       		.uleb128 0x13
 450 0053 00       		.byte	0
 451 0054 00       		.byte	0
 452 0055 06       		.uleb128 0x6
 453 0056 898201   		.uleb128 0x4109
 454 0059 01       		.byte	0x1
 455 005a 11       		.uleb128 0x11
 456 005b 01       		.uleb128 0x1
 457 005c 31       		.uleb128 0x31
ARM GAS  C:\Users\Alex\AppData\Local\Temp\cc0q6j51.s 			page 10


 458 005d 13       		.uleb128 0x13
 459 005e 01       		.uleb128 0x1
 460 005f 13       		.uleb128 0x13
 461 0060 00       		.byte	0
 462 0061 00       		.byte	0
 463 0062 07       		.uleb128 0x7
 464 0063 8A8201   		.uleb128 0x410a
 465 0066 00       		.byte	0
 466 0067 02       		.uleb128 0x2
 467 0068 18       		.uleb128 0x18
 468 0069 9142     		.uleb128 0x2111
 469 006b 18       		.uleb128 0x18
 470 006c 00       		.byte	0
 471 006d 00       		.byte	0
 472 006e 08       		.uleb128 0x8
 473 006f 898201   		.uleb128 0x4109
 474 0072 00       		.byte	0
 475 0073 11       		.uleb128 0x11
 476 0074 01       		.uleb128 0x1
 477 0075 31       		.uleb128 0x31
 478 0076 13       		.uleb128 0x13
 479 0077 00       		.byte	0
 480 0078 00       		.byte	0
 481 0079 09       		.uleb128 0x9
 482 007a 898201   		.uleb128 0x4109
 483 007d 01       		.byte	0x1
 484 007e 11       		.uleb128 0x11
 485 007f 01       		.uleb128 0x1
 486 0080 31       		.uleb128 0x31
 487 0081 13       		.uleb128 0x13
 488 0082 00       		.byte	0
 489 0083 00       		.byte	0
 490 0084 0A       		.uleb128 0xa
 491 0085 34       		.uleb128 0x34
 492 0086 00       		.byte	0
 493 0087 03       		.uleb128 0x3
 494 0088 0E       		.uleb128 0xe
 495 0089 3A       		.uleb128 0x3a
 496 008a 0B       		.uleb128 0xb
 497 008b 3B       		.uleb128 0x3b
 498 008c 05       		.uleb128 0x5
 499 008d 49       		.uleb128 0x49
 500 008e 13       		.uleb128 0x13
 501 008f 3F       		.uleb128 0x3f
 502 0090 19       		.uleb128 0x19
 503 0091 3C       		.uleb128 0x3c
 504 0092 19       		.uleb128 0x19
 505 0093 00       		.byte	0
 506 0094 00       		.byte	0
 507 0095 0B       		.uleb128 0xb
 508 0096 35       		.uleb128 0x35
 509 0097 00       		.byte	0
 510 0098 49       		.uleb128 0x49
 511 0099 13       		.uleb128 0x13
 512 009a 00       		.byte	0
 513 009b 00       		.byte	0
 514 009c 0C       		.uleb128 0xc
ARM GAS  C:\Users\Alex\AppData\Local\Temp\cc0q6j51.s 			page 11


 515 009d 2E       		.uleb128 0x2e
 516 009e 00       		.byte	0
 517 009f 3F       		.uleb128 0x3f
 518 00a0 19       		.uleb128 0x19
 519 00a1 3C       		.uleb128 0x3c
 520 00a2 19       		.uleb128 0x19
 521 00a3 6E       		.uleb128 0x6e
 522 00a4 0E       		.uleb128 0xe
 523 00a5 03       		.uleb128 0x3
 524 00a6 0E       		.uleb128 0xe
 525 00a7 3A       		.uleb128 0x3a
 526 00a8 0B       		.uleb128 0xb
 527 00a9 3B       		.uleb128 0x3b
 528 00aa 0B       		.uleb128 0xb
 529 00ab 00       		.byte	0
 530 00ac 00       		.byte	0
 531 00ad 00       		.byte	0
 532              		.section	.debug_aranges,"",%progbits
 533 0000 1C000000 		.4byte	0x1c
 534 0004 0200     		.2byte	0x2
 535 0006 00000000 		.4byte	.Ldebug_info0
 536 000a 04       		.byte	0x4
 537 000b 00       		.byte	0
 538 000c 0000     		.2byte	0
 539 000e 0000     		.2byte	0
 540 0010 00000000 		.4byte	.LFB63
 541 0014 58000000 		.4byte	.LFE63-.LFB63
 542 0018 00000000 		.4byte	0
 543 001c 00000000 		.4byte	0
 544              		.section	.debug_ranges,"",%progbits
 545              	.Ldebug_ranges0:
 546 0000 00000000 		.4byte	.LFB63
 547 0004 58000000 		.4byte	.LFE63
 548 0008 00000000 		.4byte	0
 549 000c 00000000 		.4byte	0
 550              		.section	.debug_line,"",%progbits
 551              	.Ldebug_line0:
 552 0000 CE010000 		.section	.debug_str,"MS",%progbits,1
 552      02008901 
 552      00000201 
 552      FB0E0D00 
 552      01010101 
 553              	.LASF6:
 554 0000 6C6F6E67 		.ascii	"long long int\000"
 554      206C6F6E 
 554      6720696E 
 554      7400
 555              	.LASF3:
 556 000e 73686F72 		.ascii	"short unsigned int\000"
 556      7420756E 
 556      7369676E 
 556      65642069 
 556      6E7400
 557              	.LASF8:
 558 0021 756E7369 		.ascii	"unsigned int\000"
 558      676E6564 
 558      20696E74 
ARM GAS  C:\Users\Alex\AppData\Local\Temp\cc0q6j51.s 			page 12


 558      00
 559              	.LASF25:
 560 002e 6D61696E 		.ascii	"main.c\000"
 560      2E6300
 561              	.LASF26:
 562 0035 503A5C43 		.ascii	"P:\\Cypress_Tutorials_Working_Directory\\MCU101_Cyp"
 562      79707265 
 562      73735F54 
 562      75746F72 
 562      69616C73 
 563 0066 72657373 		.ascii	"ress_PSOC5_Labs\\Lessons\\Overview_Lecture.cydsn\000"
 563      5F50534F 
 563      43355F4C 
 563      6162735C 
 563      4C657373 
 564              	.LASF27:
 565 0095 6D61696E 		.ascii	"main\000"
 565      00
 566              	.LASF24:
 567 009a 474E5520 		.ascii	"GNU C11 5.4.1 20160609 (release) [ARM/embedded-5-br"
 567      43313120 
 567      352E342E 
 567      31203230 
 567      31363036 
 568 00cd 616E6368 		.ascii	"anch revision 237715] -mcpu=cortex-m3 -mthumb -g -O"
 568      20726576 
 568      6973696F 
 568      6E203233 
 568      37373135 
 569 0100 67202D66 		.ascii	"g -ffunction-sections -ffat-lto-objects\000"
 569      66756E63 
 569      74696F6E 
 569      2D736563 
 569      74696F6E 
 570              	.LASF23:
 571 0128 43794465 		.ascii	"CyDelay\000"
 571      6C617900 
 572              	.LASF5:
 573 0130 6C6F6E67 		.ascii	"long unsigned int\000"
 573      20756E73 
 573      69676E65 
 573      6420696E 
 573      7400
 574              	.LASF7:
 575 0142 6C6F6E67 		.ascii	"long long unsigned int\000"
 575      206C6F6E 
 575      6720756E 
 575      7369676E 
 575      65642069 
 576              	.LASF20:
 577 0159 4144435F 		.ascii	"ADC_SAR_1_StartConvert\000"
 577      5341525F 
 577      315F5374 
 577      61727443 
 577      6F6E7665 
 578              	.LASF22:
 579 0170 55415254 		.ascii	"UART_1_PutString\000"
ARM GAS  C:\Users\Alex\AppData\Local\Temp\cc0q6j51.s 			page 13


 579      5F315F50 
 579      75745374 
 579      72696E67 
 579      00
 580              	.LASF18:
 581 0181 55415254 		.ascii	"UART_1_Start\000"
 581      5F315F53 
 581      74617274 
 581      00
 582              	.LASF1:
 583 018e 756E7369 		.ascii	"unsigned char\000"
 583      676E6564 
 583      20636861 
 583      7200
 584              	.LASF13:
 585 019c 63686172 		.ascii	"char\000"
 585      00
 586              	.LASF4:
 587 01a1 6C6F6E67 		.ascii	"long int\000"
 587      20696E74 
 587      00
 588              	.LASF12:
 589 01aa 646F7562 		.ascii	"double\000"
 589      6C6500
 590              	.LASF21:
 591 01b1 53657276 		.ascii	"Servo_Controller_WriteCompare1\000"
 591      6F5F436F 
 591      6E74726F 
 591      6C6C6572 
 591      5F577269 
 592              	.LASF28:
 593 01d0 49544D5F 		.ascii	"ITM_RxBuffer\000"
 593      52784275 
 593      66666572 
 593      00
 594              	.LASF0:
 595 01dd 7369676E 		.ascii	"signed char\000"
 595      65642063 
 595      68617200 
 596              	.LASF14:
 597 01e9 6C6F6E67 		.ascii	"long double\000"
 597      20646F75 
 597      626C6500 
 598              	.LASF9:
 599 01f5 5F5F696E 		.ascii	"__int32_t\000"
 599      7433325F 
 599      7400
 600              	.LASF16:
 601 01ff 426C7565 		.ascii	"Blue_LED_Write\000"
 601      5F4C4544 
 601      5F577269 
 601      746500
 602              	.LASF11:
 603 020e 666C6F61 		.ascii	"float\000"
 603      7400
 604              	.LASF2:
 605 0214 73686F72 		.ascii	"short int\000"
ARM GAS  C:\Users\Alex\AppData\Local\Temp\cc0q6j51.s 			page 14


 605      7420696E 
 605      7400
 606              	.LASF17:
 607 021e 53657276 		.ascii	"Servo_Controller_Start\000"
 607      6F5F436F 
 607      6E74726F 
 607      6C6C6572 
 607      5F537461 
 608              	.LASF10:
 609 0235 696E7433 		.ascii	"int32_t\000"
 609      325F7400 
 610              	.LASF19:
 611 023d 4144435F 		.ascii	"ADC_SAR_1_Start\000"
 611      5341525F 
 611      315F5374 
 611      61727400 
 612              	.LASF15:
 613 024d 73697A65 		.ascii	"sizetype\000"
 613      74797065 
 613      00
 614              		.ident	"GCC: (GNU Tools for ARM Embedded Processors) 5.4.1 20160609 (release) [ARM/embedded-5-bran
