ARM GAS  C:\Users\Alex\AppData\Local\Temp\ccmCHTGL.s 			page 1


   1              		.syntax unified
   2              		.cpu cortex-m3
   3              		.fpu softvfp
   4              		.eabi_attribute 20, 1
   5              		.eabi_attribute 21, 1
   6              		.eabi_attribute 23, 3
   7              		.eabi_attribute 24, 1
   8              		.eabi_attribute 25, 1
   9              		.eabi_attribute 26, 1
  10              		.eabi_attribute 30, 1
  11              		.eabi_attribute 34, 1
  12              		.eabi_attribute 18, 4
  13              		.thumb
  14              		.syntax unified
  15              		.file	"cymetadata.c"
  16              		.text
  17              	.Ltext0:
  18              		.cfi_sections	.debug_frame
  19              		.global	cy_metadata
  20              		.global	cy_meta_flashprotect
  21              		.global	cy_meta_wonvl
  22              		.global	cy_meta_custnvl
  23              		.global	cy_meta_configecc
  24              		.section	.cyconfigecc,"a",%progbits
  25              		.align	2
  26              		.type	cy_meta_configecc, %object
  27              		.size	cy_meta_configecc, 164
  28              	cy_meta_configecc:
  29 0000 03       		.byte	3
  30 0001 4F       		.byte	79
  31 0002 00       		.byte	0
  32 0003 40       		.byte	64
  33 0004 05       		.byte	5
  34 0005 52       		.byte	82
  35 0006 00       		.byte	0
  36 0007 40       		.byte	64
  37 0008 01       		.byte	1
  38 0009 05       		.byte	5
  39 000a 01       		.byte	1
  40 000b 40       		.byte	64
  41 000c 04       		.byte	4
  42 000d 0A       		.byte	10
  43 000e 01       		.byte	1
  44 000f 40       		.byte	64
  45 0010 02       		.byte	2
  46 0011 0B       		.byte	11
  47 0012 01       		.byte	1
  48 0013 40       		.byte	64
  49 0014 01       		.byte	1
  50 0015 17       		.byte	23
  51 0016 01       		.byte	1
  52 0017 40       		.byte	64
  53 0018 01       		.byte	1
  54 0019 19       		.byte	25
  55 001a 01       		.byte	1
  56 001b 40       		.byte	64
  57 001c 02       		.byte	2
ARM GAS  C:\Users\Alex\AppData\Local\Temp\ccmCHTGL.s 			page 2


  58 001d 41       		.byte	65
  59 001e 01       		.byte	1
  60 001f 40       		.byte	64
  61 0020 0A       		.byte	10
  62 0021 42       		.byte	66
  63 0022 01       		.byte	1
  64 0023 40       		.byte	64
  65 0024 05       		.byte	5
  66 0025 43       		.byte	67
  67 0026 01       		.byte	1
  68 0027 40       		.byte	64
  69 0028 02       		.byte	2
  70 0029 48       		.byte	72
  71 002a 01       		.byte	1
  72 002b 40       		.byte	64
  73 002c 03       		.byte	3
  74 002d 49       		.byte	73
  75 002e 01       		.byte	1
  76 002f 40       		.byte	64
  77 0030 05       		.byte	5
  78 0031 4C       		.byte	76
  79 0032 01       		.byte	1
  80 0033 40       		.byte	64
  81 0034 0A       		.byte	10
  82 0035 4B       		.byte	75
  83 0036 16       		.byte	22
  84 0037 4B       		.byte	75
  85 0038 22       		.byte	34
  86 0039 4B       		.byte	75
  87 003a 00       		.byte	0
  88 003b 80       		.byte	-128
  89 003c 01       		.byte	1
  90 003d 80       		.byte	-128
  91 003e 09       		.byte	9
  92 003f 80       		.byte	-128
  93 0040 18       		.byte	24
  94 0041 01       		.byte	1
  95 0042 19       		.byte	25
  96 0043 01       		.byte	1
  97 0044 E2       		.byte	-30
  98 0045 02       		.byte	2
  99 0046 B8       		.byte	-72
 100 0047 20       		.byte	32
 101 0048 BE       		.byte	-66
 102 0049 10       		.byte	16
 103 004a D8       		.byte	-40
 104 004b 04       		.byte	4
 105 004c DF       		.byte	-33
 106 004d 01       		.byte	1
 107 004e 1E       		.byte	30
 108 004f 04       		.byte	4
 109 0050 86       		.byte	-122
 110 0051 04       		.byte	4
 111 0052 E8       		.byte	-24
 112 0053 10       		.byte	16
 113 0054 E8       		.byte	-24
 114 0055 10       		.byte	16
ARM GAS  C:\Users\Alex\AppData\Local\Temp\ccmCHTGL.s 			page 3


 115 0056 67       		.byte	103
 116 0057 08       		.byte	8
 117 0058 D8       		.byte	-40
 118 0059 80       		.byte	-128
 119 005a 5B       		.byte	91
 120 005b 01       		.byte	1
 121 005c 5E       		.byte	94
 122 005d 04       		.byte	4
 123 005e 61       		.byte	97
 124 005f 02       		.byte	2
 125 0060 85       		.byte	-123
 126 0061 02       		.byte	2
 127 0062 86       		.byte	-122
 128 0063 04       		.byte	4
 129 0064 87       		.byte	-121
 130 0065 01       		.byte	1
 131 0066 97       		.byte	-105
 132 0067 08       		.byte	8
 133 0068 D6       		.byte	-42
 134 0069 C0       		.byte	-64
 135 006a D8       		.byte	-40
 136 006b 40       		.byte	64
 137 006c E2       		.byte	-30
 138 006d 40       		.byte	64
 139 006e 18       		.byte	24
 140 006f 10       		.byte	16
 141 0070 19       		.byte	25
 142 0071 80       		.byte	-128
 143 0072 1F       		.byte	31
 144 0073 04       		.byte	4
 145 0074 97       		.byte	-105
 146 0075 08       		.byte	8
 147 0076 C6       		.byte	-58
 148 0077 70       		.byte	112
 149 0078 99       		.byte	-103
 150 0079 80       		.byte	-128
 151 007a B4       		.byte	-76
 152 007b 10       		.byte	16
 153 007c 5D       		.byte	93
 154 007d 80       		.byte	-128
 155 007e 99       		.byte	-103
 156 007f 80       		.byte	-128
 157 0080 D6       		.byte	-42
 158 0081 20       		.byte	32
 159 0082 60       		.byte	96
 160 0083 80       		.byte	-128
 161 0084 98       		.byte	-104
 162 0085 80       		.byte	-128
 163 0086 B4       		.byte	-76
 164 0087 80       		.byte	-128
 165 0088 D8       		.byte	-40
 166 0089 02       		.byte	2
 167 008a E8       		.byte	-24
 168 008b 08       		.byte	8
 169 008c 00       		.byte	0
 170 008d 80       		.byte	-128
 171 008e 80       		.byte	-128
ARM GAS  C:\Users\Alex\AppData\Local\Temp\ccmCHTGL.s 			page 4


 172 008f 00       		.byte	0
 173 0090 80       		.byte	-128
 174 0091 00       		.byte	0
 175 0092 00       		.byte	0
 176 0093 00       		.byte	0
 177 0094 00       		.byte	0
 178 0095 8B       		.byte	-117
 179 0096 8B       		.byte	-117
 180 0097 00       		.byte	0
 181 0098 80       		.byte	-128
 182 0099 00       		.byte	0
 183 009a 00       		.byte	0
 184 009b 00       		.byte	0
 185 009c 00       		.byte	0
 186 009d 01       		.byte	1
 187 009e 01       		.byte	1
 188 009f 00       		.byte	0
 189 00a0 01       		.byte	1
 190 00a1 00       		.byte	0
 191 00a2 00       		.byte	0
 192 00a3 00       		.byte	0
 193              		.section	.cywolatch,"a",%progbits
 194              		.align	2
 195              		.type	cy_meta_wonvl, %object
 196              		.size	cy_meta_wonvl, 4
 197              	cy_meta_wonvl:
 198 0000 BC       		.byte	-68
 199 0001 90       		.byte	-112
 200 0002 AC       		.byte	-84
 201 0003 AF       		.byte	-81
 202              		.section	.cycustnvl,"a",%progbits
 203              		.align	2
 204              		.type	cy_meta_custnvl, %object
 205              		.size	cy_meta_custnvl, 4
 206              	cy_meta_custnvl:
 207 0000 00       		.byte	0
 208 0001 00       		.byte	0
 209 0002 40       		.byte	64
 210 0003 05       		.byte	5
 211              		.section	.cymeta,"a",%progbits
 212              		.align	2
 213              		.type	cy_metadata, %object
 214              		.size	cy_metadata, 12
 215              	cy_metadata:
 216 0000 00       		.byte	0
 217 0001 01       		.byte	1
 218 0002 2E       		.byte	46
 219 0003 16       		.byte	22
 220 0004 10       		.byte	16
 221 0005 69       		.byte	105
 222 0006 00       		.byte	0
 223 0007 01       		.byte	1
 224 0008 00       		.byte	0
 225 0009 00       		.byte	0
 226 000a 00       		.byte	0
 227 000b 00       		.byte	0
 228              		.section	.cyflashprotect,"a",%progbits
ARM GAS  C:\Users\Alex\AppData\Local\Temp\ccmCHTGL.s 			page 5


 229              		.align	2
 230              		.type	cy_meta_flashprotect, %object
 231              		.size	cy_meta_flashprotect, 256
 232              	cy_meta_flashprotect:
 233 0000 00000000 		.space	256
 233      00000000 
 233      00000000 
 233      00000000 
 233      00000000 
 234              		.text
 235              	.Letext0:
 236              		.file 1 "c:\\program files (x86)\\cypress\\psoc creator\\4.1\\psoc creator\\import\\gnu\\arm\\5.4.
 237              		.file 2 "c:\\program files (x86)\\cypress\\psoc creator\\4.1\\psoc creator\\import\\gnu\\arm\\5.4.
 238              		.file 3 "Generated_Source\\PSoC5\\cymetadata.c"
 239              		.section	.debug_info,"",%progbits
 240              	.Ldebug_info0:
 241 0000 30010000 		.4byte	0x130
 242 0004 0400     		.2byte	0x4
 243 0006 00000000 		.4byte	.Ldebug_abbrev0
 244 000a 04       		.byte	0x4
 245 000b 01       		.uleb128 0x1
 246 000c 24000000 		.4byte	.LASF17
 247 0010 0C       		.byte	0xc
 248 0011 FF010000 		.4byte	.LASF18
 249 0015 3A010000 		.4byte	.LASF19
 250 0019 00000000 		.4byte	.Ldebug_line0
 251 001d 02       		.uleb128 0x2
 252 001e 01       		.byte	0x1
 253 001f 06       		.byte	0x6
 254 0020 F3010000 		.4byte	.LASF0
 255 0024 03       		.uleb128 0x3
 256 0025 00000000 		.4byte	.LASF9
 257 0029 01       		.byte	0x1
 258 002a 1D       		.byte	0x1d
 259 002b 2F000000 		.4byte	0x2f
 260 002f 02       		.uleb128 0x2
 261 0030 01       		.byte	0x1
 262 0031 08       		.byte	0x8
 263 0032 16000000 		.4byte	.LASF1
 264 0036 02       		.uleb128 0x2
 265 0037 02       		.byte	0x2
 266 0038 05       		.byte	0x5
 267 0039 E0010000 		.4byte	.LASF2
 268 003d 02       		.uleb128 0x2
 269 003e 02       		.byte	0x2
 270 003f 07       		.byte	0x7
 271 0040 C4000000 		.4byte	.LASF3
 272 0044 02       		.uleb128 0x2
 273 0045 04       		.byte	0x4
 274 0046 05       		.byte	0x5
 275 0047 EA010000 		.4byte	.LASF4
 276 004b 02       		.uleb128 0x2
 277 004c 04       		.byte	0x4
 278 004d 07       		.byte	0x7
 279 004e B2000000 		.4byte	.LASF5
 280 0052 02       		.uleb128 0x2
 281 0053 08       		.byte	0x8
ARM GAS  C:\Users\Alex\AppData\Local\Temp\ccmCHTGL.s 			page 6


 282 0054 05       		.byte	0x5
 283 0055 D2010000 		.4byte	.LASF6
 284 0059 02       		.uleb128 0x2
 285 005a 08       		.byte	0x8
 286 005b 07       		.byte	0x7
 287 005c 06010000 		.4byte	.LASF7
 288 0060 04       		.uleb128 0x4
 289 0061 04       		.byte	0x4
 290 0062 05       		.byte	0x5
 291 0063 696E7400 		.ascii	"int\000"
 292 0067 02       		.uleb128 0x2
 293 0068 04       		.byte	0x4
 294 0069 07       		.byte	0x7
 295 006a F9000000 		.4byte	.LASF8
 296 006e 03       		.uleb128 0x3
 297 006f 1D010000 		.4byte	.LASF10
 298 0073 02       		.byte	0x2
 299 0074 18       		.byte	0x18
 300 0075 24000000 		.4byte	0x24
 301 0079 05       		.uleb128 0x5
 302 007a 90000000 		.4byte	0x90
 303 007e 89000000 		.4byte	0x89
 304 0082 06       		.uleb128 0x6
 305 0083 89000000 		.4byte	0x89
 306 0087 A3       		.byte	0xa3
 307 0088 00       		.byte	0
 308 0089 02       		.uleb128 0x2
 309 008a 04       		.byte	0x4
 310 008b 07       		.byte	0x7
 311 008c C9010000 		.4byte	.LASF11
 312 0090 07       		.uleb128 0x7
 313 0091 6E000000 		.4byte	0x6e
 314 0095 08       		.uleb128 0x8
 315 0096 E7000000 		.4byte	.LASF12
 316 009a 03       		.byte	0x3
 317 009b 1F       		.byte	0x1f
 318 009c A6000000 		.4byte	0xa6
 319 00a0 05       		.uleb128 0x5
 320 00a1 03       		.byte	0x3
 321 00a2 00000000 		.4byte	cy_meta_configecc
 322 00a6 07       		.uleb128 0x7
 323 00a7 79000000 		.4byte	0x79
 324 00ab 05       		.uleb128 0x5
 325 00ac 90000000 		.4byte	0x90
 326 00b0 BB000000 		.4byte	0xbb
 327 00b4 06       		.uleb128 0x6
 328 00b5 89000000 		.4byte	0x89
 329 00b9 03       		.byte	0x3
 330 00ba 00       		.byte	0
 331 00bb 08       		.uleb128 0x8
 332 00bc D7000000 		.4byte	.LASF13
 333 00c0 03       		.byte	0x3
 334 00c1 41       		.byte	0x41
 335 00c2 CC000000 		.4byte	0xcc
 336 00c6 05       		.uleb128 0x5
 337 00c7 03       		.byte	0x3
 338 00c8 00000000 		.4byte	cy_meta_custnvl
ARM GAS  C:\Users\Alex\AppData\Local\Temp\ccmCHTGL.s 			page 7


 339 00cc 07       		.uleb128 0x7
 340 00cd AB000000 		.4byte	0xab
 341 00d1 08       		.uleb128 0x8
 342 00d2 BB010000 		.4byte	.LASF14
 343 00d6 03       		.byte	0x3
 344 00d7 4F       		.byte	0x4f
 345 00d8 E2000000 		.4byte	0xe2
 346 00dc 05       		.uleb128 0x5
 347 00dd 03       		.byte	0x3
 348 00de 00000000 		.4byte	cy_meta_wonvl
 349 00e2 07       		.uleb128 0x7
 350 00e3 AB000000 		.4byte	0xab
 351 00e7 05       		.uleb128 0x5
 352 00e8 90000000 		.4byte	0x90
 353 00ec F7000000 		.4byte	0xf7
 354 00f0 06       		.uleb128 0x6
 355 00f1 89000000 		.4byte	0x89
 356 00f5 FF       		.byte	0xff
 357 00f6 00       		.byte	0
 358 00f7 08       		.uleb128 0x8
 359 00f8 25010000 		.4byte	.LASF15
 360 00fc 03       		.byte	0x3
 361 00fd 5D       		.byte	0x5d
 362 00fe 08010000 		.4byte	0x108
 363 0102 05       		.uleb128 0x5
 364 0103 03       		.byte	0x3
 365 0104 00000000 		.4byte	cy_meta_flashprotect
 366 0108 07       		.uleb128 0x7
 367 0109 E7000000 		.4byte	0xe7
 368 010d 05       		.uleb128 0x5
 369 010e 90000000 		.4byte	0x90
 370 0112 1D010000 		.4byte	0x11d
 371 0116 06       		.uleb128 0x6
 372 0117 89000000 		.4byte	0x89
 373 011b 0B       		.byte	0xb
 374 011c 00       		.byte	0
 375 011d 08       		.uleb128 0x8
 376 011e 0A000000 		.4byte	.LASF16
 377 0122 03       		.byte	0x3
 378 0123 8A       		.byte	0x8a
 379 0124 2E010000 		.4byte	0x12e
 380 0128 05       		.uleb128 0x5
 381 0129 03       		.byte	0x3
 382 012a 00000000 		.4byte	cy_metadata
 383 012e 07       		.uleb128 0x7
 384 012f 0D010000 		.4byte	0x10d
 385 0133 00       		.byte	0
 386              		.section	.debug_abbrev,"",%progbits
 387              	.Ldebug_abbrev0:
 388 0000 01       		.uleb128 0x1
 389 0001 11       		.uleb128 0x11
 390 0002 01       		.byte	0x1
 391 0003 25       		.uleb128 0x25
 392 0004 0E       		.uleb128 0xe
 393 0005 13       		.uleb128 0x13
 394 0006 0B       		.uleb128 0xb
 395 0007 03       		.uleb128 0x3
ARM GAS  C:\Users\Alex\AppData\Local\Temp\ccmCHTGL.s 			page 8


 396 0008 0E       		.uleb128 0xe
 397 0009 1B       		.uleb128 0x1b
 398 000a 0E       		.uleb128 0xe
 399 000b 10       		.uleb128 0x10
 400 000c 17       		.uleb128 0x17
 401 000d 00       		.byte	0
 402 000e 00       		.byte	0
 403 000f 02       		.uleb128 0x2
 404 0010 24       		.uleb128 0x24
 405 0011 00       		.byte	0
 406 0012 0B       		.uleb128 0xb
 407 0013 0B       		.uleb128 0xb
 408 0014 3E       		.uleb128 0x3e
 409 0015 0B       		.uleb128 0xb
 410 0016 03       		.uleb128 0x3
 411 0017 0E       		.uleb128 0xe
 412 0018 00       		.byte	0
 413 0019 00       		.byte	0
 414 001a 03       		.uleb128 0x3
 415 001b 16       		.uleb128 0x16
 416 001c 00       		.byte	0
 417 001d 03       		.uleb128 0x3
 418 001e 0E       		.uleb128 0xe
 419 001f 3A       		.uleb128 0x3a
 420 0020 0B       		.uleb128 0xb
 421 0021 3B       		.uleb128 0x3b
 422 0022 0B       		.uleb128 0xb
 423 0023 49       		.uleb128 0x49
 424 0024 13       		.uleb128 0x13
 425 0025 00       		.byte	0
 426 0026 00       		.byte	0
 427 0027 04       		.uleb128 0x4
 428 0028 24       		.uleb128 0x24
 429 0029 00       		.byte	0
 430 002a 0B       		.uleb128 0xb
 431 002b 0B       		.uleb128 0xb
 432 002c 3E       		.uleb128 0x3e
 433 002d 0B       		.uleb128 0xb
 434 002e 03       		.uleb128 0x3
 435 002f 08       		.uleb128 0x8
 436 0030 00       		.byte	0
 437 0031 00       		.byte	0
 438 0032 05       		.uleb128 0x5
 439 0033 01       		.uleb128 0x1
 440 0034 01       		.byte	0x1
 441 0035 49       		.uleb128 0x49
 442 0036 13       		.uleb128 0x13
 443 0037 01       		.uleb128 0x1
 444 0038 13       		.uleb128 0x13
 445 0039 00       		.byte	0
 446 003a 00       		.byte	0
 447 003b 06       		.uleb128 0x6
 448 003c 21       		.uleb128 0x21
 449 003d 00       		.byte	0
 450 003e 49       		.uleb128 0x49
 451 003f 13       		.uleb128 0x13
 452 0040 2F       		.uleb128 0x2f
ARM GAS  C:\Users\Alex\AppData\Local\Temp\ccmCHTGL.s 			page 9


 453 0041 0B       		.uleb128 0xb
 454 0042 00       		.byte	0
 455 0043 00       		.byte	0
 456 0044 07       		.uleb128 0x7
 457 0045 26       		.uleb128 0x26
 458 0046 00       		.byte	0
 459 0047 49       		.uleb128 0x49
 460 0048 13       		.uleb128 0x13
 461 0049 00       		.byte	0
 462 004a 00       		.byte	0
 463 004b 08       		.uleb128 0x8
 464 004c 34       		.uleb128 0x34
 465 004d 00       		.byte	0
 466 004e 03       		.uleb128 0x3
 467 004f 0E       		.uleb128 0xe
 468 0050 3A       		.uleb128 0x3a
 469 0051 0B       		.uleb128 0xb
 470 0052 3B       		.uleb128 0x3b
 471 0053 0B       		.uleb128 0xb
 472 0054 49       		.uleb128 0x49
 473 0055 13       		.uleb128 0x13
 474 0056 3F       		.uleb128 0x3f
 475 0057 19       		.uleb128 0x19
 476 0058 02       		.uleb128 0x2
 477 0059 18       		.uleb128 0x18
 478 005a 00       		.byte	0
 479 005b 00       		.byte	0
 480 005c 00       		.byte	0
 481              		.section	.debug_aranges,"",%progbits
 482 0000 14000000 		.4byte	0x14
 483 0004 0200     		.2byte	0x2
 484 0006 00000000 		.4byte	.Ldebug_info0
 485 000a 04       		.byte	0x4
 486 000b 00       		.byte	0
 487 000c 0000     		.2byte	0
 488 000e 0000     		.2byte	0
 489 0010 00000000 		.4byte	0
 490 0014 00000000 		.4byte	0
 491              		.section	.debug_line,"",%progbits
 492              	.Ldebug_line0:
 493 0000 3D010000 		.section	.debug_str,"MS",%progbits,1
 493      02003701 
 493      00000201 
 493      FB0E0D00 
 493      01010101 
 494              	.LASF9:
 495 0000 5F5F7569 		.ascii	"__uint8_t\000"
 495      6E74385F 
 495      7400
 496              	.LASF16:
 497 000a 63795F6D 		.ascii	"cy_metadata\000"
 497      65746164 
 497      61746100 
 498              	.LASF1:
 499 0016 756E7369 		.ascii	"unsigned char\000"
 499      676E6564 
 499      20636861 
ARM GAS  C:\Users\Alex\AppData\Local\Temp\ccmCHTGL.s 			page 10


 499      7200
 500              	.LASF17:
 501 0024 474E5520 		.ascii	"GNU C11 5.4.1 20160609 (release) [ARM/embedded-5-br"
 501      43313120 
 501      352E342E 
 501      31203230 
 501      31363036 
 502 0057 616E6368 		.ascii	"anch revision 237715] -mcpu=cortex-m3 -mthumb -g -O"
 502      20726576 
 502      6973696F 
 502      6E203233 
 502      37373135 
 503 008a 67202D66 		.ascii	"g -ffunction-sections -ffat-lto-objects\000"
 503      66756E63 
 503      74696F6E 
 503      2D736563 
 503      74696F6E 
 504              	.LASF5:
 505 00b2 6C6F6E67 		.ascii	"long unsigned int\000"
 505      20756E73 
 505      69676E65 
 505      6420696E 
 505      7400
 506              	.LASF3:
 507 00c4 73686F72 		.ascii	"short unsigned int\000"
 507      7420756E 
 507      7369676E 
 507      65642069 
 507      6E7400
 508              	.LASF13:
 509 00d7 63795F6D 		.ascii	"cy_meta_custnvl\000"
 509      6574615F 
 509      63757374 
 509      6E766C00 
 510              	.LASF12:
 511 00e7 63795F6D 		.ascii	"cy_meta_configecc\000"
 511      6574615F 
 511      636F6E66 
 511      69676563 
 511      6300
 512              	.LASF8:
 513 00f9 756E7369 		.ascii	"unsigned int\000"
 513      676E6564 
 513      20696E74 
 513      00
 514              	.LASF7:
 515 0106 6C6F6E67 		.ascii	"long long unsigned int\000"
 515      206C6F6E 
 515      6720756E 
 515      7369676E 
 515      65642069 
 516              	.LASF10:
 517 011d 75696E74 		.ascii	"uint8_t\000"
 517      385F7400 
 518              	.LASF15:
 519 0125 63795F6D 		.ascii	"cy_meta_flashprotect\000"
 519      6574615F 
ARM GAS  C:\Users\Alex\AppData\Local\Temp\ccmCHTGL.s 			page 11


 519      666C6173 
 519      6870726F 
 519      74656374 
 520              	.LASF19:
 521 013a 503A5C43 		.ascii	"P:\\Cypress_Tutorials_Working_Directory\\MCU101_Cyp"
 521      79707265 
 521      73735F54 
 521      75746F72 
 521      69616C73 
 522 016b 72657373 		.ascii	"ress_PSOC5_Labs\\MCU101_PSOC5_Tutorials\\Lab06-01_M"
 522      5F50534F 
 522      43355F4C 
 522      6162735C 
 522      4D435531 
 523 019c 616B696E 		.ascii	"akingMusic_PWM-Frequency.cydsn\000"
 523      674D7573 
 523      69635F50 
 523      574D2D46 
 523      72657175 
 524              	.LASF14:
 525 01bb 63795F6D 		.ascii	"cy_meta_wonvl\000"
 525      6574615F 
 525      776F6E76 
 525      6C00
 526              	.LASF11:
 527 01c9 73697A65 		.ascii	"sizetype\000"
 527      74797065 
 527      00
 528              	.LASF6:
 529 01d2 6C6F6E67 		.ascii	"long long int\000"
 529      206C6F6E 
 529      6720696E 
 529      7400
 530              	.LASF2:
 531 01e0 73686F72 		.ascii	"short int\000"
 531      7420696E 
 531      7400
 532              	.LASF4:
 533 01ea 6C6F6E67 		.ascii	"long int\000"
 533      20696E74 
 533      00
 534              	.LASF0:
 535 01f3 7369676E 		.ascii	"signed char\000"
 535      65642063 
 535      68617200 
 536              	.LASF18:
 537 01ff 47656E65 		.ascii	"Generated_Source\\PSoC5\\cymetadata.c\000"
 537      72617465 
 537      645F536F 
 537      75726365 
 537      5C50536F 
 538              		.ident	"GCC: (GNU Tools for ARM Embedded Processors) 5.4.1 20160609 (release) [ARM/embedded-5-bran
