--------------- Build Started: 01/01/2018 21:23:32 Project: Lab1-01_BlinkingLight, Configuration: ARM GCC 5.4-2016-q2-update Debug ---------------
cydsfit.exe -.appdatapath "C:\Users\Alex\AppData\Local\Cypress Semiconductor\PSoC Creator\4.1" -.fdsnotice -.fdswarpdepfile=warp_dependencies.txt -.fdselabdepfile=elab_dependencies.txt -.fdsbldfile=generated_files.txt -.fdsreffile=referenced_files.txt -p P:\Cypress_Tutorials_Working_Directory\MCU101_Cypress_PSOC5_Labs\Lessons\Lab1-01_BlinkingLight.cydsn\Lab1-01_BlinkingLight.cyprj -d CY8C5888LTI-LP097 -s P:\Cypress_Tutorials_Working_Directory\MCU101_Cypress_PSOC5_Labs\Lessons\Lab1-01_BlinkingLight.cydsn\Generated_Source\PSoC5 -- -yv2 -q10 -ygs -o2 -v3 -.fftcfgtype=LE
Elaborating Design...
HDL Generation...
Synthesis...
Tech Mapping...
Analog Placement...
Analog Routing...
Analog Code Generation...
Digital Placement...
Digital Routing...
Bitstream Generation...
Bitstream Verification...
Static timing analysis...
API Generation...
Dependency Generation...
Cleanup...
arm-none-eabi-gcc.exe -mcpu=cortex-m3 -mthumb -I. -IGenerated_Source\PSoC5 -Wa,-alh=.\CortexM3\ARM_GCC_541\Debug/main.lst -g -D DEBUG -D CY_CORE_ID=0 -Wall -ffunction-sections -ffat-lto-objects -Og -c main.c -o .\CortexM3\ARM_GCC_541\Debug\main.o
arm-none-eabi-ar.exe -rs .\CortexM3\ARM_GCC_541\Debug\Lab1-01_BlinkingLight.a .\CortexM3\ARM_GCC_541\Debug\LED_BLUE.o .\CortexM3\ARM_GCC_541\Debug\CyDmac.o .\CortexM3\ARM_GCC_541\Debug\CyFlash.o .\CortexM3\ARM_GCC_541\Debug\CyLib.o .\CortexM3\ARM_GCC_541\Debug\cyPm.o .\CortexM3\ARM_GCC_541\Debug\CySpc.o .\CortexM3\ARM_GCC_541\Debug\cyutils.o .\CortexM3\ARM_GCC_541\Debug\CyBootAsmGnu.o
arm-none-eabi-ar.exe: creating .\CortexM3\ARM_GCC_541\Debug\Lab1-01_BlinkingLight.a
arm-none-eabi-gcc.exe -Wl,--start-group -o P:\Cypress_Tutorials_Working_Directory\MCU101_Cypress_PSOC5_Labs\Lessons\Lab1-01_BlinkingLight.cydsn\CortexM3\ARM_GCC_541\Debug\Lab1-01_BlinkingLight.elf .\CortexM3\ARM_GCC_541\Debug\main.o .\CortexM3\ARM_GCC_541\Debug\cyfitter_cfg.o .\CortexM3\ARM_GCC_541\Debug\cymetadata.o .\CortexM3\ARM_GCC_541\Debug\Cm3Start.o .\CortexM3\ARM_GCC_541\Debug\Lab1-01_BlinkingLight.a "C:\Program Files (x86)\Cypress\PSoC Creator\4.1\PSoC Creator\psoc\content\cycomponentlibrary\CyComponentLibrary.cylib\CortexM3\ARM_GCC_541\Debug\CyComponentLibrary.a" -mcpu=cortex-m3 -mthumb -L Generated_Source\PSoC5 -Wl,-Map,.\CortexM3\ARM_GCC_541\Debug/Lab1-01_BlinkingLight.map -T Generated_Source\PSoC5\cm3gcc.ld -specs=nano.specs -Wl,--gc-sections -g -ffunction-sections -Og -ffat-lto-objects -Wl,--end-group
cyelftool.exe -C P:\Cypress_Tutorials_Working_Directory\MCU101_Cypress_PSOC5_Labs\Lessons\Lab1-01_BlinkingLight.cydsn\CortexM3\ARM_GCC_541\Debug\Lab1-01_BlinkingLight.elf --flash_row_size 256 --flash_size 262144 --flash_offset 0x00000000
cyelftool.exe -S P:\Cypress_Tutorials_Working_Directory\MCU101_Cypress_PSOC5_Labs\Lessons\Lab1-01_BlinkingLight.cydsn\CortexM3\ARM_GCC_541\Debug\Lab1-01_BlinkingLight.elf
Flash used: 1230 of 262144 bytes (0.5 %).
SRAM used: 2521 of 65536 bytes (3.8 %). Stack: 2048 bytes. Heap: 128 bytes.
--------------- Build Succeeded: 01/01/2018 21:23:41 ---------------
